#
# There is insufficient memory for the Java Runtime Environment to continue.
# Native memory allocation (malloc) failed to allocate 484576 bytes for Chunk::new
# Possible reasons:
#   The system is out of physical RAM or swap space
#   The process is running with CompressedOops enabled, and the Java Heap may be blocking the growth of the native heap
# Possible solutions:
#   Reduce memory load on the system
#   Increase physical memory or swap space
#   Check if swap backing store is full
#   Decrease Java heap size (-Xmx/-Xms)
#   Decrease number of Java threads
#   Decrease Java thread stack sizes (-Xss)
#   Set larger code cache with -XX:ReservedCodeCacheSize=
#   JVM is running with Unscaled Compressed Oops mode in which the Java heap is
#     placed in the first 4GB address space. The Java Heap base address is the
#     maximum limit for the native heap growth. Please use -XX:HeapBaseMinAddress
#     to set the Java Heap base and to place the Java Heap above 4GB virtual address.
# This output file may be truncated or incomplete.
#
#  Out of Memory Error (allocation.cpp:390), pid=21484, tid=0x0000000000000674
#
# JRE version: OpenJDK Runtime Environment (8.0_201-b09) (build 1.8.0_201-2-redhat-b09)
# Java VM: OpenJDK 64-Bit Server VM (25.201-b09 mixed mode windows-amd64 compressed oops)
# Failed to write core dump. Minidumps are not enabled by default on client versions of Windows
#

---------------  T H R E A D  ---------------

Current thread (0x00000000189d8800):  JavaThread "C2 CompilerThread0" daemon [_thread_in_native, id=1652, stack(0x0000000019910000,0x0000000019a10000)]

Stack: [0x0000000019910000,0x0000000019a10000]
[error occurred during error reporting (printing stack bounds), id 0xc0000005]

Native frames: (J=compiled Java code, j=interpreted, Vv=VM code, C=native code)


Current CompileTask:
C2:   2345 1277   !   4       sun.misc.URLClassPath$JarLoader::getResource (353 bytes)


---------------  P R O C E S S  ---------------

Java Threads: ( => current thread )
  0x0000000018ab8800 JavaThread "Service Thread" daemon [_thread_blocked, id=26284, stack(0x0000000019c10000,0x0000000019d10000)]
  0x0000000018a2f000 JavaThread "C1 CompilerThread2" daemon [_thread_blocked, id=26388, stack(0x0000000019b10000,0x0000000019c10000)]
  0x00000000189da800 JavaThread "C2 CompilerThread1" daemon [_thread_blocked, id=18156, stack(0x0000000019a10000,0x0000000019b10000)]
=>0x00000000189d8800 JavaThread "C2 CompilerThread0" daemon [_thread_in_native, id=1652, stack(0x0000000019910000,0x0000000019a10000)]
  0x0000000018a2d800 JavaThread "Attach Listener" daemon [_thread_blocked, id=27404, stack(0x0000000019810000,0x0000000019910000)]
  0x0000000018a2b800 JavaThread "Signal Dispatcher" daemon [_thread_blocked, id=26712, stack(0x0000000019710000,0x0000000019810000)]
  0x0000000017efd000 JavaThread "Finalizer" daemon [_thread_blocked, id=14412, stack(0x0000000019510000,0x0000000019610000)]
  0x0000000017ef2000 JavaThread "Reference Handler" daemon [_thread_blocked, id=20628, stack(0x0000000019410000,0x0000000019510000)]
  0x0000000003298000 JavaThread "main" [_thread_in_native, id=19196, stack(0x0000000003100000,0x0000000003200000)]

Other Threads:
  0x00000000189c1800 VMThread [stack: 0x0000000019310000,0x0000000019410000] [id=6244]
  0x0000000018abc000 WatcherThread [stack: 0x0000000019d10000,0x0000000019e10000] [id=23616]

VM state:not at safepoint (normal execution)

VM Mutex/Monitor currently owned by a thread: None

heap address: 0x0000000081800000, size: 2024 MB, Compressed Oops mode: 32-bit
Narrow klass base: 0x0000000000000000, Narrow klass shift: 3
Compressed class space size: 1073741824 Address: 0x0000000100000000

Heap:
 PSYoungGen      total 38400K, used 19128K [0x00000000d5d80000, 0x00000000da880000, 0x0000000100000000)
  eden space 33280K, 42% used [0x00000000d5d80000,0x00000000d6b2e508,0x00000000d7e00000)
  from space 5120K, 99% used [0x00000000d8300000,0x00000000d87ffef0,0x00000000d8800000)
  to   space 5120K, 0% used [0x00000000d7e00000,0x00000000d7e00000,0x00000000d8300000)
 ParOldGen       total 87552K, used 1751K [0x0000000081800000, 0x0000000086d80000, 0x00000000d5d80000)
  object space 87552K, 2% used [0x0000000081800000,0x00000000819b5cb0,0x0000000086d80000)
 Metaspace       used 16195K, capacity 16442K, committed 16512K, reserved 1064960K
  class space    used 1589K, capacity 1647K, committed 1664K, reserved 1048576K

Card table byte_map: [0x0000000012710000,0x0000000012b10000] byte_map_base: 0x0000000012304000

Marking Bits: (ParMarkBitMap*) 0x00000000550fceb0
 Begin Bits: [0x00000000131c0000, 0x0000000015160000)
 End Bits:   [0x0000000015160000, 0x0000000017100000)

Polling page: 0x0000000001480000

CodeCache: size=245760Kb used=6084Kb max_used=6098Kb free=239675Kb
 bounds [0x0000000003350000, 0x0000000003950000, 0x0000000012350000]
 total_blobs=1910 nmethods=1312 adapters=511
 compilation: enabled

Compilation events (250 events):
Event: 1.715 Thread 0x0000000018a2f000 1173       1       sun.reflect.generics.tree.SimpleClassTypeSignature::getDollar (5 bytes)
Event: 1.715 Thread 0x0000000018a2f000 nmethod 1173 0x0000000003819dd0 code [0x0000000003819f20, 0x000000000381a030]
Event: 1.715 Thread 0x0000000018a2f000 1176       1       sun.reflect.generics.reflectiveObjects.ParameterizedTypeImpl::getRawType (5 bytes)
Event: 1.715 Thread 0x0000000018a2f000 nmethod 1176 0x0000000003819b10 code [0x0000000003819c60, 0x0000000003819d70]
Event: 1.716 Thread 0x0000000018a2f000 1185       1       groovy.lang.MetaProperty::getType (5 bytes)
Event: 1.716 Thread 0x0000000018a2f000 nmethod 1185 0x0000000003819850 code [0x00000000038199a0, 0x0000000003819ab0]
Event: 1.717 Thread 0x0000000018a2f000 1186       1       groovy.lang.MetaBeanProperty::getSetter (5 bytes)
Event: 1.717 Thread 0x0000000018a2f000 nmethod 1186 0x0000000003823e90 code [0x0000000003823fe0, 0x00000000038240f0]
Event: 1.722 Thread 0x0000000018a2f000 1187       1       groovy.lang.MetaBeanProperty::getGetter (5 bytes)
Event: 1.722 Thread 0x0000000018a2f000 nmethod 1187 0x0000000003824150 code [0x00000000038242a0, 0x00000000038243b0]
Event: 1.722 Thread 0x0000000018a2f000 1188       1       groovy.lang.MetaBeanProperty::getField (5 bytes)
Event: 1.722 Thread 0x0000000018a2f000 nmethod 1188 0x0000000003824410 code [0x0000000003824560, 0x0000000003824670]
Event: 1.818 Thread 0x00000000189da800 nmethod 1154 0x000000000382b050 code [0x000000000382b440, 0x000000000382e010]
Event: 1.818 Thread 0x00000000189da800 1159       4       java.lang.String::lastIndexOf (13 bytes)
Event: 1.821 Thread 0x00000000189da800 nmethod 1159 0x0000000003827f90 code [0x00000000038280c0, 0x0000000003828218]
Event: 1.831 Thread 0x00000000189d8800 nmethod 1155 0x0000000003836ad0 code [0x0000000003836ea0, 0x0000000003839a40]
Event: 1.894 Thread 0x00000000189da800 1189 %     4       sun.net.www.ParseUtil::encodePath @ 29 (336 bytes)
Event: 1.900 Thread 0x0000000018a2f000 1190       3       groovy.lang.MetaMethod::isStatic (16 bytes)
Event: 1.901 Thread 0x0000000018a2f000 nmethod 1190 0x00000000038263d0 code [0x0000000003826540, 0x00000000038267a8]
Event: 1.901 Thread 0x0000000018a2f000 1191       3       org.codehaus.groovy.runtime.metaclass.MetaMethodIndex::findMatchingMethod (48 bytes)
Event: 1.901 Thread 0x0000000018a2f000 nmethod 1191 0x0000000003825c90 code [0x0000000003825e20, 0x00000000038261e8]
Event: 1.902 Thread 0x0000000018a2f000 1192       3       groovy.lang.MetaClassImpl$2::methodNameAction (169 bytes)
Event: 1.903 Thread 0x0000000018a2f000 nmethod 1192 0x00000000038292d0 code [0x0000000003829540, 0x000000000382a9c8]
Event: 1.903 Thread 0x0000000018a2f000 1193       3       java.lang.CharacterDataLatin1::digit (91 bytes)
Event: 1.904 Thread 0x0000000018a2f000 nmethod 1193 0x0000000003828c50 code [0x0000000003828dc0, 0x0000000003829150]
Event: 1.906 Thread 0x0000000018a2f000 1194       3       java.util.LinkedHashMap$LinkedHashIterator::nextNode (54 bytes)
Event: 1.906 Thread 0x0000000018a2f000 nmethod 1194 0x0000000003828610 code [0x00000000038287a0, 0x0000000003828ad8]
Event: 1.976 Thread 0x0000000018a2f000 1195       3       sun.misc.URLClassPath$JarLoader::validIndex (94 bytes)
Event: 1.978 Thread 0x0000000018a2f000 nmethod 1195 0x000000000383da50 code [0x000000000383dd00, 0x000000000383f0c8]
Event: 1.979 Thread 0x00000000189da800 nmethod 1189% 0x000000000383fd50 code [0x000000000383fee0, 0x00000000038412d8]
Event: 1.984 Thread 0x00000000189d8800 1196       4       java.lang.Class$MethodArray::removeByNameAndDescriptor (42 bytes)
Event: 1.988 Thread 0x0000000018a2f000 1197       3       java.util.Arrays::copyOf (13 bytes)
Event: 1.988 Thread 0x0000000018a2f000 nmethod 1197 0x0000000003825790 code [0x0000000003825900, 0x0000000003825b08]
Event: 1.995 Thread 0x00000000189d8800 nmethod 1196 0x0000000003834810 code [0x0000000003834980, 0x0000000003834d18]
Event: 2.049 Thread 0x0000000018a2f000 1198   !   3       com.sun.beans.finder.MethodFinder::findAccessibleMethod (116 bytes)
Event: 2.052 Thread 0x0000000018a2f000 nmethod 1198 0x0000000003841ad0 code [0x0000000003841e00, 0x0000000003843608]
Event: 2.052 Thread 0x0000000018a2f000 1199       3       sun.reflect.generics.reflectiveObjects.ParameterizedTypeImpl::<init> (35 bytes)
Event: 2.052 Thread 0x0000000018a2f000 nmethod 1199 0x0000000003827190 code [0x0000000003827340, 0x00000000038278d8]
Event: 2.055 Thread 0x0000000018a2f000 1201       3       java.lang.reflect.Method::getGenericInfo (27 bytes)
Event: 2.056 Thread 0x00000000189da800 1202       4       sun.reflect.generics.parser.SignatureParser::advance (37 bytes)
Event: 2.056 Thread 0x00000000189da800 nmethod 1202 0x0000000003828410 code [0x0000000003828540, 0x0000000003828598]
Event: 2.056 Thread 0x0000000018a2f000 nmethod 1201 0x0000000003832c90 code [0x0000000003832ec0, 0x0000000003833bd8]
Event: 2.056 Thread 0x0000000018a2f000 1203       3       sun.reflect.generics.tree.SimpleClassTypeSignature::make (11 bytes)
Event: 2.057 Thread 0x0000000018a2f000 nmethod 1203 0x0000000003832710 code [0x0000000003832880, 0x0000000003832af0]
Event: 2.057 Thread 0x0000000018a2f000 1204       3       sun.reflect.generics.tree.SimpleClassTypeSignature::<init> (20 bytes)
Event: 2.057 Thread 0x0000000018a2f000 nmethod 1204 0x0000000003826d90 code [0x0000000003826ee0, 0x00000000038270d0]
Event: 2.061 Thread 0x0000000018a2f000 1205       3       sun.reflect.generics.parser.SignatureParser::parseClassTypeSignature (118 bytes)
Event: 2.064 Thread 0x0000000018a2f000 nmethod 1205 0x0000000003844190 code [0x0000000003844540, 0x0000000003846008]
Event: 2.065 Thread 0x0000000018a2f000 1206       3       java.lang.Class::forName (53 bytes)
Event: 2.065 Thread 0x0000000018a2f000 nmethod 1206 0x0000000003836050 code [0x0000000003836200, 0x00000000038368a8]
Event: 2.065 Thread 0x0000000018a2f000 1207       3       java.beans.Introspector::addMethod (196 bytes)
Event: 2.067 Thread 0x0000000018a2f000 nmethod 1207 0x0000000003847010 code [0x0000000003847240, 0x0000000003847f08]
Event: 2.067 Thread 0x0000000018a2f000 1210       3       java.lang.reflect.Executable::getGenericExceptionTypes (27 bytes)
Event: 2.067 Thread 0x0000000018a2f000 nmethod 1210 0x00000000038358d0 code [0x0000000003835a60, 0x0000000003835f18]
Event: 2.067 Thread 0x0000000018a2f000 1211       3       java.lang.reflect.Method::getGenericExceptionTypes (5 bytes)
Event: 2.087 Thread 0x0000000018a2f000 nmethod 1211 0x0000000003848450 code [0x0000000003848680, 0x0000000003849428]
Event: 2.087 Thread 0x0000000018a2f000 1214       1       java.lang.ref.Finalizer::access$000 (4 bytes)
Event: 2.087 Thread 0x0000000018a2f000 nmethod 1214 0x0000000003826a90 code [0x0000000003826be0, 0x0000000003826cd0]
Event: 2.087 Thread 0x0000000018a2f000 1212       3       java.util.zip.ZipFile$ZipFileInputStream::finalize (5 bytes)
Event: 2.087 Thread 0x0000000018a2f000 nmethod 1212 0x0000000003835550 code [0x00000000038356c0, 0x0000000003835848]
Event: 2.087 Thread 0x0000000018a2f000 1213       3       java.util.zip.ZipFile$ZipFileInflaterInputStream::finalize (5 bytes)
Event: 2.087 Thread 0x0000000018a2f000 nmethod 1213 0x00000000038351d0 code [0x0000000003835340, 0x00000000038354c8]
Event: 2.087 Thread 0x0000000018a2f000 1208       3       sun.reflect.generics.parser.SignatureParser::parseFieldTypeSignature (6 bytes)
Event: 2.087 Thread 0x0000000018a2f000 nmethod 1208 0x0000000003849e10 code [0x0000000003849f80, 0x000000000384a108]
Event: 2.087 Thread 0x0000000018a2f000 1209       1       sun.reflect.generics.repository.AbstractRepository::getFactory (5 bytes)
Event: 2.087 Thread 0x0000000018a2f000 nmethod 1209 0x000000000384a190 code [0x000000000384a2e0, 0x000000000384a3f0]
Event: 2.092 Thread 0x0000000018a2f000 1215       3       java.lang.reflect.Executable::printModifiersIfNonzero (101 bytes)
Event: 2.095 Thread 0x0000000018a2f000 nmethod 1215 0x000000000384a450 code [0x000000000384a760, 0x000000000384bed8]
Event: 2.095 Thread 0x0000000018a2f000 1216       3       java.lang.reflect.Method::specificToGenericStringHeader (48 bytes)
Event: 2.097 Thread 0x0000000018a2f000 nmethod 1216 0x000000000384ce10 code [0x000000000384d120, 0x000000000384eba8]
Event: 2.097 Thread 0x0000000018a2f000 1217       3       org.codehaus.groovy.util.ComplexKeyHashMap$1::hasNext (13 bytes)
Event: 2.097 Thread 0x0000000018a2f000 nmethod 1217 0x000000000384fcd0 code [0x000000000384fe20, 0x000000000384ffd0]
Event: 2.097 Thread 0x0000000018a2f000 1219       1       org.codehaus.groovy.util.SingleKeyHashMap$Entry::getKey (5 bytes)
Event: 2.097 Thread 0x0000000018a2f000 nmethod 1219 0x0000000003850050 code [0x00000000038501a0, 0x00000000038502b0]
Event: 2.097 Thread 0x0000000018a2f000 1218       1       org.codehaus.groovy.reflection.GeneratedMetaMethod::getReturnType (5 bytes)
Event: 2.098 Thread 0x0000000018a2f000 nmethod 1218 0x0000000003850310 code [0x0000000003850460, 0x0000000003850570]
Event: 2.101 Thread 0x0000000018a2f000 1220       3       java.util.AbstractSequentialList::iterator (5 bytes)
Event: 2.102 Thread 0x0000000018a2f000 nmethod 1220 0x00000000038507d0 code [0x0000000003850940, 0x0000000003850c28]
Event: 2.103 Thread 0x0000000018a2f000 1221       1       java.util.HashMap::size (5 bytes)
Event: 2.103 Thread 0x0000000018a2f000 nmethod 1221 0x0000000003850d10 code [0x0000000003850e60, 0x0000000003850f70]
Event: 2.104 Thread 0x0000000018a2f000 1223       3       groovy.lang.MetaProperty::<init> (15 bytes)
Event: 2.104 Thread 0x0000000018a2f000 nmethod 1223 0x0000000003850fd0 code [0x0000000003851120, 0x00000000038512f0]
Event: 2.104 Thread 0x0000000018a2f000 1224       3       org.codehaus.groovy.util.SingleKeyHashMap::get (67 bytes)
Event: 2.105 Thread 0x0000000018a2f000 nmethod 1224 0x0000000003851390 code [0x0000000003851540, 0x0000000003851c18]
Event: 2.105 Thread 0x0000000018a2f000 1222       3       groovy.lang.MetaBeanProperty::<init> (18 bytes)
Event: 2.105 Thread 0x0000000018a2f000 nmethod 1222 0x0000000003851ed0 code [0x0000000003852040, 0x00000000038522b0]
Event: 2.105 Thread 0x0000000018a2f000 1225       3       org.codehaus.groovy.reflection.CachedField::getModifiers (8 bytes)
Event: 2.105 Thread 0x0000000018a2f000 nmethod 1225 0x00000000038523d0 code [0x0000000003852520, 0x0000000003852710]
Event: 2.189 Thread 0x00000000189da800 1226       4       java.util.HashMap::newNode (13 bytes)
Event: 2.189 Thread 0x0000000018a2f000 1227       3       org.codehaus.groovy.runtime.metaclass.ReflectionMetaMethod::getName (8 bytes)
Event: 2.189 Thread 0x0000000018a2f000 nmethod 1227 0x00000000038fbd50 code [0x00000000038fbec0, 0x00000000038fc130]
Event: 2.190 Thread 0x00000000189da800 nmethod 1226 0x00000000038fef50 code [0x00000000038ff0a0, 0x00000000038ff1b8]
Event: 2.191 Thread 0x0000000018a2f000 1228       3       java.util.Arrays::asList (9 bytes)
Event: 2.191 Thread 0x0000000018a2f000 nmethod 1228 0x00000000038fe6d0 code [0x00000000038fe860, 0x00000000038fecc8]
Event: 2.191 Thread 0x0000000018a2f000 1229       3       java.util.Arrays$ArrayList::<init> (16 bytes)
Event: 2.192 Thread 0x0000000018a2f000 nmethod 1229 0x00000000038fdf90 code [0x00000000038fe120, 0x00000000038fe508]
Event: 2.192 Thread 0x0000000018a2f000 1230   !   3       org.codehaus.groovy.reflection.stdclasses.CachedSAMClass::getSAMMethod (8 bytes)
Event: 2.192 Thread 0x0000000018a2f000 nmethod 1230 0x00000000038fdbd0 code [0x00000000038fdd40, 0x00000000038fdee8]
Event: 2.192 Thread 0x0000000018a2f000 1231   !   3       org.codehaus.groovy.reflection.stdclasses.CachedSAMClass::getSAMMethodImpl (181 bytes)
Event: 2.195 Thread 0x0000000018a2f000 nmethod 1231 0x00000000038ff250 code [0x00000000038ff620, 0x0000000003901768]
Event: 2.195 Thread 0x0000000018a2f000 1233       3       java.lang.reflect.Executable::equalParamTypes (36 bytes)
Event: 2.195 Thread 0x0000000018a2f000 nmethod 1233 0x00000000038fd650 code [0x00000000038fd7c0, 0x00000000038fda90]
Event: 2.195 Thread 0x0000000018a2f000 1232       3       java.lang.NoSuchMethodException::<init> (6 bytes)
Event: 2.196 Thread 0x0000000018a2f000 nmethod 1232 0x00000000038fd190 code [0x00000000038fd300, 0x00000000038fd548]
Event: 2.196 Thread 0x0000000018a2f000 1234       3       java.lang.Class::privateGetPublicMethods (267 bytes)
Event: 2.199 Thread 0x0000000018a2f000 nmethod 1234 0x00000000039026d0 code [0x0000000003902aa0, 0x0000000003904728]
Event: 2.199 Thread 0x0000000018a2f000 1235       3       java.lang.Class::getMethods (17 bytes)
Event: 2.200 Thread 0x0000000018a2f000 nmethod 1235 0x00000000038fccd0 code [0x00000000038fce60, 0x00000000038fd098]
Event: 2.205 Thread 0x0000000018a2f000 1236   !   3       java.lang.reflect.Executable::sharedToGenericString (329 bytes)
Event: 2.205 Thread 0x00000000189d8800 1238       4       java.lang.CharacterDataLatin1::isWhitespace (23 bytes)
Event: 2.206 Thread 0x00000000189d8800 nmethod 1238 0x00000000038fca50 code [0x00000000038fcb80, 0x00000000038fcc18]
Event: 2.211 Thread 0x0000000018a2f000 nmethod 1236 0x00000000039086d0 code [0x0000000003908ce0, 0x000000000390d198]
Event: 2.211 Thread 0x0000000018a2f000 1240       3       sun.reflect.generics.reflectiveObjects.ParameterizedTypeImpl::validateConstructorArguments (44 bytes)
Event: 2.212 Thread 0x0000000018a2f000 nmethod 1240 0x0000000003907cd0 code [0x0000000003907e80, 0x0000000003908428]
Event: 2.212 Thread 0x0000000018a2f000 1239       3       sun.reflect.generics.reflectiveObjects.ParameterizedTypeImpl::make (11 bytes)
Event: 2.213 Thread 0x0000000018a2f000 nmethod 1239 0x00000000039070d0 code [0x00000000039072a0, 0x00000000039078f8]
Event: 2.213 Thread 0x0000000018a2f000 1237       1       sun.reflect.generics.reflectiveObjects.TypeVariableImpl::getName (5 bytes)
Event: 2.213 Thread 0x0000000018a2f000 nmethod 1237 0x00000000038fc790 code [0x00000000038fc8e0, 0x00000000038fc9f0]
Event: 2.213 Thread 0x0000000018a2f000 1242       3       java.beans.MethodRef::set (58 bytes)
Event: 2.214 Thread 0x0000000018a2f000 nmethod 1242 0x0000000003905d50 code [0x0000000003905f40, 0x0000000003906c18]
Event: 2.214 Thread 0x0000000018a2f000 1243       3       java.beans.FeatureDescriptor::getWeakReference (17 bytes)
Event: 2.215 Thread 0x0000000018a2f000 nmethod 1243 0x0000000003910410 code [0x00000000039105a0, 0x0000000003910970]
Event: 2.215 Thread 0x0000000018a2f000 1241       1       sun.reflect.generics.scope.AbstractScope::getRecvr (5 bytes)
Event: 2.215 Thread 0x0000000018a2f000 nmethod 1241 0x0000000003905a50 code [0x0000000003905ba0, 0x0000000003905cb0]
Event: 2.215 Thread 0x0000000018a2f000 1244  s!   3       java.beans.PropertyDescriptor::getWriteMethod (165 bytes)
Event: 2.218 Thread 0x0000000018a2f000 nmethod 1244 0x0000000003910b10 code [0x0000000003910e40, 0x0000000003912d38]
Event: 2.229 Thread 0x0000000018a2f000 1245       3       java.util.LinkedList::toArray (84 bytes)
Event: 2.230 Thread 0x0000000018a2f000 nmethod 1245 0x00000000039139d0 code [0x0000000003913ba0, 0x00000000039143b8]
Event: 2.233 Thread 0x0000000018a2f000 1246       3       java.lang.Class$MethodArray::remove (39 bytes)
Event: 2.234 Thread 0x0000000018a2f000 nmethod 1246 0x0000000003914710 code [0x00000000039148a0, 0x0000000003914f68]
Event: 2.234 Thread 0x0000000018a2f000 1247   !   3       sun.reflect.generics.factory.CoreReflectionFactory::makeNamedType (21 bytes)
Event: 2.235 Thread 0x0000000018a2f000 nmethod 1247 0x0000000003915190 code [0x0000000003915320, 0x00000000039155e8]
Event: 2.235 Thread 0x0000000018a2f000 1248       3       sun.reflect.generics.factory.CoreReflectionFactory::getDeclsLoader (85 bytes)
Event: 2.237 Thread 0x0000000018a2f000 nmethod 1248 0x0000000003915750 code [0x0000000003915aa0, 0x0000000003917d58]
Event: 2.243 Thread 0x00000000189da800 1249       4       org.codehaus.groovy.util.LazyReference::get (44 bytes)
Event: 2.247 Thread 0x0000000018a2f000 1250       3       sun.reflect.generics.repository.ConstructorRepository::getParameterTypes (78 bytes)
Event: 2.248 Thread 0x0000000018a2f000 nmethod 1250 0x0000000003918b50 code [0x0000000003918d40, 0x00000000039198d8]
Event: 2.249 Thread 0x0000000018a2f000 1251       3       sun.reflect.generics.parser.SignatureParser::parseFieldTypeSignature (73 bytes)
Event: 2.250 Thread 0x0000000018a2f000 nmethod 1251 0x0000000003919d50 code [0x0000000003919f60, 0x000000000391a568]
Event: 2.250 Thread 0x0000000018a2f000 1255       3       sun.reflect.generics.visitor.Reifier::<init> (10 bytes)
Event: 2.250 Thread 0x0000000018a2f000 nmethod 1255 0x00000000038fc3d0 code [0x00000000038fc520, 0x00000000038fc6f0]
Event: 2.250 Thread 0x0000000018a2f000 1254       3       sun.reflect.generics.visitor.Reifier::make (9 bytes)
Event: 2.250 Thread 0x0000000018a2f000 nmethod 1254 0x000000000391a8d0 code [0x000000000391aa40, 0x000000000391ac90]
Event: 2.250 Thread 0x0000000018a2f000 1258       3       java.lang.reflect.Type::getTypeName (5 bytes)
Event: 2.250 Thread 0x0000000018a2f000 nmethod 1258 0x000000000391ad90 code [0x000000000391af00, 0x000000000391b108]
Event: 2.250 Thread 0x0000000018a2f000 1253       3       sun.reflect.generics.reflectiveObjects.ParameterizedTypeImpl::getRawType (5 bytes)
Event: 2.251 Thread 0x0000000018a2f000 nmethod 1253 0x000000000391b190 code [0x000000000391b2e0, 0x000000000391b450]
Event: 2.251 Thread 0x0000000018a2f000 1252       1       sun.reflect.generics.reflectiveObjects.ParameterizedTypeImpl::getOwnerType (5 bytes)
Event: 2.251 Thread 0x0000000018a2f000 nmethod 1252 0x000000000391b4d0 code [0x000000000391b620, 0x000000000391b730]
Event: 2.251 Thread 0x0000000018a2f000 1256       1       sun.reflect.generics.tree.TypeVariableSignature::getIdentifier (5 bytes)
Event: 2.251 Thread 0x0000000018a2f000 nmethod 1256 0x000000000391b790 code [0x000000000391b8e0, 0x000000000391b9f0]
Event: 2.251 Thread 0x0000000018a2f000 1257       1       sun.reflect.generics.factory.CoreReflectionFactory::getScope (5 bytes)
Event: 2.251 Thread 0x0000000018a2f000 nmethod 1257 0x000000000391ba50 code [0x000000000391bba0, 0x000000000391bcb0]
Event: 2.251 Thread 0x0000000018a2f000 1259       1       java.util.TreeMap::access$100 (5 bytes)
Event: 2.251 Thread 0x0000000018a2f000 nmethod 1259 0x000000000391bd10 code [0x000000000391be60, 0x000000000391bf50]
Event: 2.251 Thread 0x00000000189da800 nmethod 1249 0x000000000391f150 code [0x000000000391f340, 0x000000000391f860]
Event: 2.252 Thread 0x0000000018a2f000 1260       3       groovy.lang.MetaClassImpl$Index::getNotNull (32 bytes)
Event: 2.252 Thread 0x0000000018a2f000 nmethod 1260 0x000000000391e710 code [0x000000000391e8a0, 0x000000000391eec8]
Event: 2.254 Thread 0x0000000018a2f000 1261       3       java.lang.StringCoding::scale (7 bytes)
Event: 2.254 Thread 0x0000000018a2f000 nmethod 1261 0x000000000391dfd0 code [0x000000000391e120, 0x000000000391e290]
Event: 2.254 Thread 0x0000000018a2f000 1262       3       java.lang.StringCoding::deref (19 bytes)
Event: 2.254 Thread 0x0000000018a2f000 nmethod 1262 0x000000000391d850 code [0x000000000391d9e0, 0x000000000391de88]
Event: 2.254 Thread 0x0000000018a2f000 1263   !   3       java.lang.StringCoding$StringDecoder::decode (179 bytes)
Event: 2.256 Thread 0x0000000018a2f000 nmethod 1263 0x0000000003920010 code [0x0000000003920360, 0x0000000003922018]
Event: 2.256 Thread 0x0000000018a2f000 1267       3       org.codehaus.groovy.reflection.CachedMethod::compareToMethod (125 bytes)
Event: 2.257 Thread 0x0000000018a2f000 nmethod 1267 0x0000000003923110 code [0x0000000003923380, 0x0000000003924848]
Event: 2.257 Thread 0x0000000018a2f000 1264       3       java.lang.StringCoding::access$000 (6 bytes)
Event: 2.257 Thread 0x0000000018a2f000 nmethod 1264 0x000000000391d490 code [0x000000000391d600, 0x000000000391d7b0]
Event: 2.257 Thread 0x0000000018a2f000 1265       3       java.lang.StringCoding::access$100 (8 bytes)
Event: 2.258 Thread 0x0000000018a2f000 nmethod 1265 0x000000000391cb90 code [0x000000000391cd20, 0x000000000391d248]
Event: 2.258 Thread 0x0000000018a2f000 1268       3       org.codehaus.groovy.util.ComplexKeyHashMap$1::next (5 bytes)
Event: 2.258 Thread 0x0000000018a2f000 nmethod 1268 0x000000000391c7d0 code [0x000000000391c940, 0x000000000391cae8]
Event: 2.258 Thread 0x0000000018a2f000 1266       1       java.lang.reflect.Field::getDeclaringClass (5 bytes)
Event: 2.258 Thread 0x0000000018a2f000 nmethod 1266 0x000000000391c510 code [0x000000000391c660, 0x000000000391c770]
Event: 2.259 Thread 0x0000000018a2f000 1269       1       sun.reflect.generics.tree.MethodTypeSignature::getFormalTypeParameters (5 bytes)
Event: 2.259 Thread 0x0000000018a2f000 nmethod 1269 0x000000000391c250 code [0x000000000391c3a0, 0x000000000391c4b0]
Event: 2.259 Thread 0x0000000018a2f000 1270       1       sun.reflect.generics.tree.MethodTypeSignature::getReturnType (5 bytes)
Event: 2.259 Thread 0x0000000018a2f000 nmethod 1270 0x00000000039250d0 code [0x0000000003925220, 0x0000000003925330]
Event: 2.259 Thread 0x0000000018a2f000 1271       1       sun.reflect.generics.tree.MethodTypeSignature::getExceptionTypes (5 bytes)
Event: 2.259 Thread 0x0000000018a2f000 nmethod 1271 0x0000000003925390 code [0x00000000039254e0, 0x00000000039255f0]
Event: 2.259 Thread 0x0000000018a2f000 1272       3       sun.reflect.generics.parser.SignatureParser::parsePackageNameAndSimpleClassTypeSignature (139 bytes)
Event: 2.260 Thread 0x0000000018a2f000 nmethod 1272 0x0000000003925650 code [0x00000000039259a0, 0x0000000003927368]
Event: 2.264 Thread 0x00000000189da800 1273       4       org.codehaus.groovy.reflection.CachedMethod::getModifiers (8 bytes)
Event: 2.264 Thread 0x0000000018a2f000 1274       3       org.codehaus.groovy.reflection.CachedClass::addSubclassExpandos (138 bytes)
Event: 2.264 Thread 0x00000000189da800 nmethod 1273 0x000000000391bfd0 code [0x000000000391c100, 0x000000000391c178]
Event: 2.265 Thread 0x0000000018a2f000 nmethod 1274 0x0000000003929610 code [0x0000000003929860, 0x000000000392a7f8]
Event: 2.266 Thread 0x0000000018a2f000 1275       3       org.codehaus.groovy.reflection.CachedClass::isAssignableFrom (21 bytes)
Event: 2.266 Thread 0x0000000018a2f000 nmethod 1275 0x0000000003928f90 code [0x0000000003929100, 0x00000000039294e8]
Event: 2.270 Thread 0x0000000018a2f000 1276       3       sun.misc.URLClassPath::findResource (47 bytes)
Event: 2.270 Thread 0x0000000018a2f000 nmethod 1276 0x0000000003928890 code [0x0000000003928a20, 0x0000000003928de8]
Event: 2.271 Thread 0x00000000189d8800 1277   !   4       sun.misc.URLClassPath$JarLoader::getResource (353 bytes)
Event: 2.272 Thread 0x0000000018a2f000 1278       3       java.beans.MethodDescriptor::<init> (7 bytes)
Event: 2.272 Thread 0x0000000018a2f000 nmethod 1278 0x0000000003928510 code [0x0000000003928680, 0x0000000003928808]
Event: 2.272 Thread 0x0000000018a2f000 1281  s    3       java.beans.MethodDescriptor::setParams (74 bytes)
Event: 2.273 Thread 0x0000000018a2f000 nmethod 1281 0x000000000392ae10 code [0x000000000392b000, 0x000000000392bbc8]
Event: 2.273 Thread 0x0000000018a2f000 1282       3       java.lang.reflect.Method::isVarArgs (5 bytes)
Event: 2.274 Thread 0x0000000018a2f000 nmethod 1282 0x000000000392c0d0 code [0x000000000392c240, 0x000000000392c490]
Event: 2.274 Thread 0x0000000018a2f000 1283       3       java.lang.reflect.Executable::isVarArgs (17 bytes)
Event: 2.274 Thread 0x0000000018a2f000 nmethod 1283 0x000000000392c550 code [0x000000000392c6c0, 0x000000000392c928]
Event: 2.274 Thread 0x0000000018a2f000 1279       3       java.beans.MethodDescriptor::<init> (48 bytes)
Event: 2.274 Thread 0x0000000018a2f000 nmethod 1279 0x000000000392c9d0 code [0x000000000392cb80, 0x000000000392d2f8]
Event: 2.274 Thread 0x0000000018a2f000 1280  s    3       java.beans.MethodDescriptor::setMethod (41 bytes)
Event: 2.274 Thread 0x00000000189da800 1284       4       sun.misc.URLClassPath$JarLoader::findResource (18 bytes)
Event: 2.276 Thread 0x0000000018a2f000 nmethod 1280 0x000000000392d590 code [0x000000000392d880, 0x000000000392f228]
Event: 2.276 Thread 0x0000000018a2f000 1285       3       org.codehaus.groovy.reflection.CachedClass::getName (8 bytes)
Event: 2.277 Thread 0x0000000018a2f000 nmethod 1285 0x000000000392ff90 code [0x0000000003930100, 0x0000000003930468]
Event: 2.277 Thread 0x0000000018a2f000 1286       3       java.util.LinkedList::node (65 bytes)
Event: 2.277 Thread 0x0000000018a2f000 nmethod 1286 0x0000000003930550 code [0x00000000039306c0, 0x00000000039309d0]
Event: 2.285 Thread 0x00000000189da800 nmethod 1284 0x0000000003933c10 code [0x0000000003933de0, 0x00000000039342f0]
Event: 2.300 Thread 0x00000000189da800 1287       4       sun.net.www.ParseUtil::encodePath (336 bytes)
Event: 2.307 Thread 0x0000000018a2f000 1288       3       org.codehaus.groovy.util.FastArray::<init> (16 bytes)
Event: 2.307 Thread 0x0000000018a2f000 nmethod 1288 0x00000000039337d0 code [0x0000000003933940, 0x0000000003933b10]
Event: 2.307 Thread 0x0000000018a2f000 1289       3       org.codehaus.groovy.util.FastArray::copy (31 bytes)
Event: 2.308 Thread 0x0000000018a2f000 nmethod 1289 0x0000000003933150 code [0x00000000039332e0, 0x00000000039336a8]
Event: 2.308 Thread 0x0000000018a2f000 1290       3       org.codehaus.groovy.reflection.CachedClass::getSuperClassDistance (41 bytes)
Event: 2.308 Thread 0x0000000018a2f000 nmethod 1290 0x0000000003932b10 code [0x0000000003932c80, 0x0000000003933028]
Event: 2.315 Thread 0x0000000018a2f000 1291       3       sun.reflect.generics.repository.MethodRepository::getReturnType (41 bytes)
Event: 2.316 Thread 0x0000000018a2f000 nmethod 1291 0x0000000003931fd0 code [0x0000000003932180, 0x00000000039328a8]
Event: 2.316 Thread 0x0000000018a2f000 1292       3       sun.reflect.generics.visitor.Reifier::getResult (26 bytes)
Event: 2.316 Thread 0x0000000018a2f000 nmethod 1292 0x0000000003928190 code [0x00000000039282e0, 0x0000000003928450]
Event: 2.316 Thread 0x0000000018a2f000 1293       3       sun.misc.ProxyGenerator$ExceptionTableEntry::<init> (26 bytes)
Event: 2.317 Thread 0x0000000018a2f000 nmethod 1293 0x0000000003931c10 code [0x0000000003931d60, 0x0000000003931f10]
Event: 2.318 Thread 0x0000000018a2f000 1294       3       sun.misc.ProxyGenerator::codeLocalLoadStore (90 bytes)
Event: 2.319 Thread 0x0000000018a2f000 nmethod 1294 0x00000000039348d0 code [0x0000000003934b20, 0x0000000003935c48]
Event: 2.319 Thread 0x0000000018a2f000 1296       3       sun.misc.ProxyGenerator::access$900 (5 bytes)
Event: 2.319 Thread 0x0000000018a2f000 nmethod 1296 0x0000000003931750 code [0x00000000039318c0, 0x0000000003931b28]
Event: 2.319 Thread 0x0000000018a2f000 1295       3       sun.misc.ProxyGenerator::access$700 (7 bytes)
Event: 2.320 Thread 0x0000000018a2f000 nmethod 1295 0x00000000039312d0 code [0x0000000003931440, 0x0000000003931628]
Event: 2.320 Thread 0x0000000018a2f000 1298       3       sun.misc.SharedSecrets::getJavaLangAccess (4 bytes)
Event: 2.320 Thread 0x0000000018a2f000 nmethod 1298 0x0000000003930fd0 code [0x0000000003931120, 0x0000000003931250]
Event: 2.321 Thread 0x0000000018a2f000 1299       3       sun.reflect.generics.reflectiveObjects.ParameterizedTypeImpl::getActualTypeArguments (11 bytes)
Event: 2.321 Thread 0x0000000018a2f000 nmethod 1299 0x00000000039362d0 code [0x0000000003936440, 0x0000000003936768]
Event: 2.321 Thread 0x0000000018a2f000 1301       3       java.lang.Character::isUpperCase (5 bytes)
Event: 2.321 Thread 0x0000000018a2f000 nmethod 1301 0x0000000003936850 code [0x0000000003936a00, 0x0000000003936e78]
Event: 2.321 Thread 0x0000000018a2f000 1302       3       sun.reflect.ByteVectorImpl::getLength (7 bytes)
Event: 2.321 Thread 0x0000000018a2f000 nmethod 1302 0x0000000003930cd0 code [0x0000000003930e20, 0x0000000003930f70]
Event: 2.321 Thread 0x0000000018a2f000 1300       1       java.lang.Class::getAnnotationType (5 bytes)
Event: 2.321 Thread 0x0000000018a2f000 nmethod 1300 0x0000000003937050 code [0x00000000039371a0, 0x00000000039372b0]
Event: 2.321 Thread 0x0000000018a2f000 1303       1       java.lang.reflect.Constructor::getDeclaringClass (5 bytes)
Event: 2.322 Thread 0x0000000018a2f000 nmethod 1303 0x0000000003937310 code [0x0000000003937460, 0x0000000003937570]
Event: 2.322 Thread 0x0000000018a2f000 1304       3       java.beans.FeatureDescriptor::addTable (20 bytes)
Event: 2.322 Thread 0x0000000018a2f000 nmethod 1304 0x00000000039375d0 code [0x00000000039377a0, 0x0000000003937ef8]
Event: 2.322 Thread 0x0000000018a2f000 1307  s!   3       java.beans.PropertyDescriptor::getReadMethod (175 bytes)
Event: 2.325 Thread 0x0000000018a2f000 nmethod 1307 0x0000000003938150 code [0x00000000039384a0, 0x000000000393a5e8]
Event: 2.325 Thread 0x0000000018a2f000 1308       3       java.lang.ThreadLocal$ThreadLocalMap::getEntry (42 bytes)
Event: 2.325 Thread 0x0000000018a2f000 nmethod 1308 0x000000000393b350 code [0x000000000393b4c0, 0x000000000393b7a8]
Event: 2.325 Thread 0x0000000018a2f000 1306       3       java.lang.String::compareTo (9 bytes)
Event: 2.325 Thread 0x0000000018a2f000 nmethod 1306 0x000000000393b910 code [0x000000000393ba80, 0x000000000393bd68]
Event: 2.325 Thread 0x0000000018a2f000 1305       3       java.beans.PropertyDescriptor::setClass0 (25 bytes)
Event: 2.326 Thread 0x0000000018a2f000 nmethod 1305 0x000000000393be10 code [0x000000000393c000, 0x000000000393cb18]

GC Heap History (4 events):
Event: 1.134 GC heap before
{Heap before GC invocations=1 (full 0):
 PSYoungGen      total 38400K, used 33280K [0x00000000d5d80000, 0x00000000d8800000, 0x0000000100000000)
  eden space 33280K, 100% used [0x00000000d5d80000,0x00000000d7e00000,0x00000000d7e00000)
  from space 5120K, 0% used [0x00000000d8300000,0x00000000d8300000,0x00000000d8800000)
  to   space 5120K, 0% used [0x00000000d7e00000,0x00000000d7e00000,0x00000000d8300000)
 ParOldGen       total 87552K, used 0K [0x0000000081800000, 0x0000000086d80000, 0x00000000d5d80000)
  object space 87552K, 0% used [0x0000000081800000,0x0000000081800000,0x0000000086d80000)
 Metaspace       used 10346K, capacity 10594K, committed 10624K, reserved 1058816K
  class space    used 1027K, capacity 1129K, committed 1152K, reserved 1048576K
Event: 1.145 GC heap after
Heap after GC invocations=1 (full 0):
 PSYoungGen      total 38400K, used 5090K [0x00000000d5d80000, 0x00000000d8800000, 0x0000000100000000)
  eden space 33280K, 0% used [0x00000000d5d80000,0x00000000d5d80000,0x00000000d7e00000)
  from space 5120K, 99% used [0x00000000d7e00000,0x00000000d82f8af8,0x00000000d8300000)
  to   space 5120K, 0% used [0x00000000d8300000,0x00000000d8300000,0x00000000d8800000)
 ParOldGen       total 87552K, used 344K [0x0000000081800000, 0x0000000086d80000, 0x00000000d5d80000)
  object space 87552K, 0% used [0x0000000081800000,0x00000000818563a8,0x0000000086d80000)
 Metaspace       used 10346K, capacity 10594K, committed 10624K, reserved 1058816K
  class space    used 1027K, capacity 1129K, committed 1152K, reserved 1048576K
}
Event: 2.068 GC heap before
{Heap before GC invocations=2 (full 0):
 PSYoungGen      total 38400K, used 38370K [0x00000000d5d80000, 0x00000000d8800000, 0x0000000100000000)
  eden space 33280K, 100% used [0x00000000d5d80000,0x00000000d7e00000,0x00000000d7e00000)
  from space 5120K, 99% used [0x00000000d7e00000,0x00000000d82f8af8,0x00000000d8300000)
  to   space 5120K, 0% used [0x00000000d8300000,0x00000000d8300000,0x00000000d8800000)
 ParOldGen       total 87552K, used 344K [0x0000000081800000, 0x0000000086d80000, 0x00000000d5d80000)
  object space 87552K, 0% used [0x0000000081800000,0x00000000818563a8,0x0000000086d80000)
 Metaspace       used 15165K, capacity 15444K, committed 15744K, reserved 1062912K
  class space    used 1538K, capacity 1614K, committed 1664K, reserved 1048576K
Event: 2.085 GC heap after
Heap after GC invocations=2 (full 0):
 PSYoungGen      total 38400K, used 5119K [0x00000000d5d80000, 0x00000000da880000, 0x0000000100000000)
  eden space 33280K, 0% used [0x00000000d5d80000,0x00000000d5d80000,0x00000000d7e00000)
  from space 5120K, 99% used [0x00000000d8300000,0x00000000d87ffef0,0x00000000d8800000)
  to   space 5120K, 0% used [0x00000000d7e00000,0x00000000d7e00000,0x00000000d8300000)
 ParOldGen       total 87552K, used 1751K [0x0000000081800000, 0x0000000086d80000, 0x00000000d5d80000)
  object space 87552K, 2% used [0x0000000081800000,0x00000000819b5cb0,0x0000000086d80000)
 Metaspace       used 15165K, capacity 15444K, committed 15744K, reserved 1062912K
  class space    used 1538K, capacity 1614K, committed 1664K, reserved 1048576K
}

Deoptimization events (11 events):
Event: 0.388 Thread 0x0000000003298000 Uncommon trap: reason=unstable_if action=reinterpret pc=0x00000000034df6d0 method=sun.misc.URLClassPath.getLoader(I)Lsun/misc/URLClassPath$Loader; @ 36
Event: 0.389 Thread 0x0000000003298000 Uncommon trap: reason=unstable_if action=reinterpret pc=0x00000000034efd38 method=sun.misc.URLClassPath.getLoader(I)Lsun/misc/URLClassPath$Loader; @ 36
Event: 0.415 Thread 0x0000000003298000 Uncommon trap: reason=unstable_if action=reinterpret pc=0x00000000034da934 method=java.lang.String.indexOf([CII[CIII)I @ 3
Event: 0.437 Thread 0x0000000003298000 Uncommon trap: reason=unstable_if action=reinterpret pc=0x00000000034d82f4 method=java.lang.String.lastIndexOf([CII[CIII)I @ 66
Event: 0.562 Thread 0x0000000003298000 Uncommon trap: reason=unstable_if action=reinterpret pc=0x0000000003560fe8 method=java.util.HashMap.getNode(ILjava/lang/Object;)Ljava/util/HashMap$Node; @ 62
Event: 0.563 Thread 0x0000000003298000 Uncommon trap: reason=unstable_if action=reinterpret pc=0x00000000034f94bc method=java.util.HashMap.getNode(ILjava/lang/Object;)Ljava/util/HashMap$Node; @ 62
Event: 1.047 Thread 0x0000000003298000 Uncommon trap: reason=unstable_if action=reinterpret pc=0x000000000366cd40 method=sun.net.www.ParseUtil.encodePath(Ljava/lang/String;Z)Ljava/lang/String; @ 109
Event: 1.082 Thread 0x0000000003298000 Uncommon trap: reason=unstable_if action=reinterpret pc=0x000000000367b754 method=sun.misc.URLClassPath$JarLoader.getResource(Ljava/lang/String;ZLjava/util/Set;)Lsun/misc/Resource; @ 17
Event: 1.383 Thread 0x0000000003298000 Uncommon trap: reason=unstable_if action=reinterpret pc=0x0000000003647544 method=java.io.DataInputStream.readUTF(Ljava/io/DataInput;)Ljava/lang/String; @ 31
Event: 1.417 Thread 0x0000000003298000 Uncommon trap: reason=range_check action=make_not_entrant pc=0x000000000373da60 method=sun.reflect.generics.parser.SignatureParser.current()C @ 34
Event: 1.605 Thread 0x0000000003298000 Uncommon trap: reason=unstable_if action=reinterpret pc=0x000000000347543c method=java.net.URI.match(CJJ)Z @ 45

Classes redefined (0 events):
No events

Internal exceptions (82 events):
Event: 0.050 Thread 0x0000000003298000 Exception <a 'java/lang/NoSuchMethodError': Method sun.misc.Unsafe.defineClass(Ljava/lang/String;[BII)Ljava/lang/Class; name or signature does not match> (0x00000000d5d87cb0) thrown at [C:\cygwin64\tmp\ojdkbuild\lookaside\java-1.8.0-openjdk\hotspot\src\sh
Event: 0.050 Thread 0x0000000003298000 Exception <a 'java/lang/NoSuchMethodError': Method sun.misc.Unsafe.prefetchRead(Ljava/lang/Object;J)V name or signature does not match> (0x00000000d5d87f98) thrown at [C:\cygwin64\tmp\ojdkbuild\lookaside\java-1.8.0-openjdk\hotspot\src\share\vm\prims\jni.c
Event: 0.389 Thread 0x0000000003298000 Exception <a 'java/security/PrivilegedActionException'> (0x00000000d6508150) thrown at [C:\cygwin64\tmp\ojdkbuild\lookaside\java-1.8.0-openjdk\hotspot\src\share\vm\prims\jvm.cpp, line 1512]
Event: 0.389 Thread 0x0000000003298000 Exception <a 'java/security/PrivilegedActionException'> (0x00000000d6508548) thrown at [C:\cygwin64\tmp\ojdkbuild\lookaside\java-1.8.0-openjdk\hotspot\src\share\vm\prims\jvm.cpp, line 1512]
Event: 0.389 Thread 0x0000000003298000 Exception <a 'java/security/PrivilegedActionException'> (0x00000000d650a8c0) thrown at [C:\cygwin64\tmp\ojdkbuild\lookaside\java-1.8.0-openjdk\hotspot\src\share\vm\prims\jvm.cpp, line 1512]
Event: 0.389 Thread 0x0000000003298000 Exception <a 'java/security/PrivilegedActionException'> (0x00000000d650acb8) thrown at [C:\cygwin64\tmp\ojdkbuild\lookaside\java-1.8.0-openjdk\hotspot\src\share\vm\prims\jvm.cpp, line 1512]
Event: 0.389 Thread 0x0000000003298000 Exception <a 'java/security/PrivilegedActionException'> (0x00000000d650bbf0) thrown at [C:\cygwin64\tmp\ojdkbuild\lookaside\java-1.8.0-openjdk\hotspot\src\share\vm\prims\jvm.cpp, line 1512]
Event: 0.389 Thread 0x0000000003298000 Exception <a 'java/security/PrivilegedActionException'> (0x00000000d650bfe8) thrown at [C:\cygwin64\tmp\ojdkbuild\lookaside\java-1.8.0-openjdk\hotspot\src\share\vm\prims\jvm.cpp, line 1512]
Event: 0.483 Thread 0x0000000003298000 Exception <a 'java/lang/NoSuchFieldError': method resolution failed> (0x00000000d67367e0) thrown at [C:\cygwin64\tmp\ojdkbuild\lookaside\java-1.8.0-openjdk\hotspot\src\share\vm\prims\methodHandles.cpp, line 1167]
Event: 0.486 Thread 0x0000000003298000 Exception <a 'java/lang/NoSuchFieldError': method resolution failed> (0x00000000d6743ed0) thrown at [C:\cygwin64\tmp\ojdkbuild\lookaside\java-1.8.0-openjdk\hotspot\src\share\vm\prims\methodHandles.cpp, line 1167]
Event: 0.618 Thread 0x0000000003298000 Exception <a 'java/lang/ArrayIndexOutOfBoundsException'> (0x00000000d6a99b88) thrown at [C:\cygwin64\tmp\ojdkbuild\lookaside\java-1.8.0-openjdk\hotspot\src\share\vm\runtime\sharedRuntime.cpp, line 619]
Event: 0.618 Thread 0x0000000003298000 Exception <a 'java/lang/ArrayIndexOutOfBoundsException'> (0x00000000d6a9abb8) thrown at [C:\cygwin64\tmp\ojdkbuild\lookaside\java-1.8.0-openjdk\hotspot\src\share\vm\runtime\sharedRuntime.cpp, line 619]
Event: 0.621 Thread 0x0000000003298000 Exception <a 'java/lang/ArrayIndexOutOfBoundsException'> (0x00000000d6aa86e8) thrown at [C:\cygwin64\tmp\ojdkbuild\lookaside\java-1.8.0-openjdk\hotspot\src\share\vm\runtime\sharedRuntime.cpp, line 619]
Event: 1.274 Thread 0x0000000003298000 Exception <a 'java/lang/ClassNotFoundException': groovy/lang/ExpandoMetaClassBeanInfo> (0x00000000d63bb2d0) thrown at [C:\cygwin64\tmp\ojdkbuild\lookaside\java-1.8.0-openjdk\hotspot\src\share\vm\classfile\systemDictionary.cpp, line 210]
Event: 1.277 Thread 0x0000000003298000 Exception <a 'java/lang/ClassNotFoundException': groovy/lang/MetaClassImplBeanInfo> (0x00000000d63fe3b0) thrown at [C:\cygwin64\tmp\ojdkbuild\lookaside\java-1.8.0-openjdk\hotspot\src\share\vm\classfile\systemDictionary.cpp, line 210]
Event: 1.278 Thread 0x0000000003298000 Exception <a 'java/lang/ClassNotFoundException': java/lang/ObjectBeanInfo> (0x00000000d6406918) thrown at [C:\cygwin64\tmp\ojdkbuild\lookaside\java-1.8.0-openjdk\hotspot\src\share\vm\classfile\systemDictionary.cpp, line 210]
Event: 1.279 Thread 0x0000000003298000 Exception <a 'java/lang/ClassNotFoundException': java/lang/ObjectCustomizer> (0x00000000d640eff8) thrown at [C:\cygwin64\tmp\ojdkbuild\lookaside\java-1.8.0-openjdk\hotspot\src\share\vm\classfile\systemDictionary.cpp, line 210]
Event: 1.283 Thread 0x0000000003298000 Exception <a 'java/lang/ArrayIndexOutOfBoundsException'> (0x00000000d6412db0) thrown at [C:\cygwin64\tmp\ojdkbuild\lookaside\java-1.8.0-openjdk\hotspot\src\share\vm\runtime\sharedRuntime.cpp, line 619]
Event: 1.283 Thread 0x0000000003298000 Exception <a 'java/lang/ArrayIndexOutOfBoundsException'> (0x00000000d6414e70) thrown at [C:\cygwin64\tmp\ojdkbuild\lookaside\java-1.8.0-openjdk\hotspot\src\share\vm\runtime\sharedRuntime.cpp, line 619]
Event: 1.287 Thread 0x0000000003298000 Exception <a 'java/lang/ClassNotFoundException': groovy/lang/MetaClassImplCustomizer> (0x00000000d645ae90) thrown at [C:\cygwin64\tmp\ojdkbuild\lookaside\java-1.8.0-openjdk\hotspot\src\share\vm\classfile\systemDictionary.cpp, line 210]
Event: 1.287 Thread 0x0000000003298000 Exception <a 'java/lang/ArrayIndexOutOfBoundsException'> (0x00000000d64610e8) thrown at [C:\cygwin64\tmp\ojdkbuild\lookaside\java-1.8.0-openjdk\hotspot\src\share\vm\runtime\sharedRuntime.cpp, line 619]
Event: 1.287 Thread 0x0000000003298000 Exception <a 'java/lang/ArrayIndexOutOfBoundsException'> (0x00000000d6462538) thrown at [C:\cygwin64\tmp\ojdkbuild\lookaside\java-1.8.0-openjdk\hotspot\src\share\vm\runtime\sharedRuntime.cpp, line 619]
Event: 1.288 Thread 0x0000000003298000 Exception <a 'java/lang/ArrayIndexOutOfBoundsException'> (0x00000000d646ba08) thrown at [C:\cygwin64\tmp\ojdkbuild\lookaside\java-1.8.0-openjdk\hotspot\src\share\vm\runtime\sharedRuntime.cpp, line 619]
Event: 1.291 Thread 0x0000000003298000 Exception <a 'java/lang/ClassNotFoundException': groovy/lang/ExpandoMetaClassCustomizer> (0x00000000d64c3df0) thrown at [C:\cygwin64\tmp\ojdkbuild\lookaside\java-1.8.0-openjdk\hotspot\src\share\vm\classfile\systemDictionary.cpp, line 210]
Event: 1.291 Thread 0x0000000003298000 Exception <a 'java/lang/ArrayIndexOutOfBoundsException'> (0x00000000d64cd4f0) thrown at [C:\cygwin64\tmp\ojdkbuild\lookaside\java-1.8.0-openjdk\hotspot\src\share\vm\runtime\sharedRuntime.cpp, line 619]
Event: 1.291 Thread 0x0000000003298000 Exception <a 'java/lang/ArrayIndexOutOfBoundsException'> (0x00000000d64cef58) thrown at [C:\cygwin64\tmp\ojdkbuild\lookaside\java-1.8.0-openjdk\hotspot\src\share\vm\runtime\sharedRuntime.cpp, line 619]
Event: 1.292 Thread 0x0000000003298000 Exception <a 'java/lang/ArrayIndexOutOfBoundsException'> (0x00000000d64d6ef8) thrown at [C:\cygwin64\tmp\ojdkbuild\lookaside\java-1.8.0-openjdk\hotspot\src\share\vm\runtime\sharedRuntime.cpp, line 619]
Event: 1.292 Thread 0x0000000003298000 Exception <a 'java/lang/ArrayIndexOutOfBoundsException'> (0x00000000d64e1388) thrown at [C:\cygwin64\tmp\ojdkbuild\lookaside\java-1.8.0-openjdk\hotspot\src\share\vm\runtime\sharedRuntime.cpp, line 619]
Event: 1.292 Thread 0x0000000003298000 Exception <a 'java/lang/ArrayIndexOutOfBoundsException'> (0x00000000d64e2738) thrown at [C:\cygwin64\tmp\ojdkbuild\lookaside\java-1.8.0-openjdk\hotspot\src\share\vm\runtime\sharedRuntime.cpp, line 619]
Event: 1.330 Thread 0x0000000003298000 Exception <a 'java/lang/ClassNotFoundException': groovy/lang/BindingBeanInfo> (0x00000000d6673cc8) thrown at [C:\cygwin64\tmp\ojdkbuild\lookaside\java-1.8.0-openjdk\hotspot\src\share\vm\classfile\systemDictionary.cpp, line 210]
Event: 1.332 Thread 0x0000000003298000 Exception <a 'java/lang/ClassNotFoundException': groovy/lang/GroovyObjectSupportBeanInfo> (0x00000000d66b89b0) thrown at [C:\cygwin64\tmp\ojdkbuild\lookaside\java-1.8.0-openjdk\hotspot\src\share\vm\classfile\systemDictionary.cpp, line 210]
Event: 1.333 Thread 0x0000000003298000 Exception <a 'java/lang/ClassNotFoundException': groovy/lang/GroovyObjectSupportCustomizer> (0x00000000d66fdc68) thrown at [C:\cygwin64\tmp\ojdkbuild\lookaside\java-1.8.0-openjdk\hotspot\src\share\vm\classfile\systemDictionary.cpp, line 210]
Event: 1.335 Thread 0x0000000003298000 Exception <a 'java/lang/ClassNotFoundException': groovy/lang/BindingCustomizer> (0x00000000d6744e38) thrown at [C:\cygwin64\tmp\ojdkbuild\lookaside\java-1.8.0-openjdk\hotspot\src\share\vm\classfile\systemDictionary.cpp, line 210]
Event: 1.342 Thread 0x0000000003298000 Exception <a 'java/lang/ClassNotFoundException': groovy/lang/GroovyShellBeanInfo> (0x00000000d67b57e0) thrown at [C:\cygwin64\tmp\ojdkbuild\lookaside\java-1.8.0-openjdk\hotspot\src\share\vm\classfile\systemDictionary.cpp, line 210]
Event: 1.344 Thread 0x0000000003298000 Exception <a 'java/lang/ClassNotFoundException': groovy/lang/GroovyShellCustomizer> (0x00000000d67f87d8) thrown at [C:\cygwin64\tmp\ojdkbuild\lookaside\java-1.8.0-openjdk\hotspot\src\share\vm\classfile\systemDictionary.cpp, line 210]
Event: 1.416 Thread 0x0000000003298000 Exception <a 'java/lang/ArrayIndexOutOfBoundsException'> (0x00000000d6accad0) thrown at [C:\cygwin64\tmp\ojdkbuild\lookaside\java-1.8.0-openjdk\hotspot\src\share\vm\runtime\sharedRuntime.cpp, line 619]
Event: 1.417 Thread 0x0000000003298000 Exception <a 'java/lang/ArrayIndexOutOfBoundsException': 66> (0x00000000d6ae6b18) thrown at [C:\cygwin64\tmp\ojdkbuild\lookaside\java-1.8.0-openjdk\hotspot\src\share\vm\interpreter\interpreterRuntime.cpp, line 371]
Event: 1.417 Thread 0x0000000003298000 Exception <a 'java/lang/ArrayIndexOutOfBoundsException': 40> (0x00000000d6ae7c10) thrown at [C:\cygwin64\tmp\ojdkbuild\lookaside\java-1.8.0-openjdk\hotspot\src\share\vm\interpreter\interpreterRuntime.cpp, line 371]
Event: 1.417 Thread 0x0000000003298000 Exception <a 'java/lang/ArrayIndexOutOfBoundsException': 106> (0x00000000d6ae9848) thrown at [C:\cygwin64\tmp\ojdkbuild\lookaside\java-1.8.0-openjdk\hotspot\src\share\vm\interpreter\interpreterRuntime.cpp, line 371]
Event: 1.418 Thread 0x0000000003298000 Exception <a 'java/lang/ArrayIndexOutOfBoundsException': 77> (0x00000000d6aeab88) thrown at [C:\cygwin64\tmp\ojdkbuild\lookaside\java-1.8.0-openjdk\hotspot\src\share\vm\interpreter\interpreterRuntime.cpp, line 371]
Event: 1.418 Thread 0x0000000003298000 Exception <a 'java/lang/ArrayIndexOutOfBoundsException': 58> (0x00000000d6aecac8) thrown at [C:\cygwin64\tmp\ojdkbuild\lookaside\java-1.8.0-openjdk\hotspot\src\share\vm\interpreter\interpreterRuntime.cpp, line 371]
Event: 1.418 Thread 0x0000000003298000 Exception <a 'java/lang/ArrayIndexOutOfBoundsException': 59> (0x00000000d6aeda60) thrown at [C:\cygwin64\tmp\ojdkbuild\lookaside\java-1.8.0-openjdk\hotspot\src\share\vm\interpreter\interpreterRuntime.cpp, line 371]
Event: 1.418 Thread 0x0000000003298000 Exception <a 'java/lang/ArrayIndexOutOfBoundsException': 61> (0x00000000d6aeea10) thrown at [C:\cygwin64\tmp\ojdkbuild\lookaside\java-1.8.0-openjdk\hotspot\src\share\vm\interpreter\interpreterRuntime.cpp, line 371]
Event: 1.418 Thread 0x0000000003298000 Exception <a 'java/lang/ArrayIndexOutOfBoundsException': 58> (0x00000000d6aef9a0) thrown at [C:\cygwin64\tmp\ojdkbuild\lookaside\java-1.8.0-openjdk\hotspot\src\share\vm\interpreter\interpreterRuntime.cpp, line 371]
Event: 1.418 Thread 0x0000000003298000 Exception <a 'java/lang/ArrayIndexOutOfBoundsException': 85> (0x00000000d6af0c48) thrown at [C:\cygwin64\tmp\ojdkbuild\lookaside\java-1.8.0-openjdk\hotspot\src\share\vm\interpreter\interpreterRuntime.cpp, line 371]
Event: 1.418 Thread 0x0000000003298000 Exception <a 'java/lang/ArrayIndexOutOfBoundsException': 59> (0x00000000d6af1be0) thrown at [C:\cygwin64\tmp\ojdkbuild\lookaside\java-1.8.0-openjdk\hotspot\src\share\vm\interpreter\interpreterRuntime.cpp, line 371]
Event: 1.418 Thread 0x0000000003298000 Exception <a 'java/lang/ArrayIndexOutOfBoundsException': 60> (0x00000000d6af2b78) thrown at [C:\cygwin64\tmp\ojdkbuild\lookaside\java-1.8.0-openjdk\hotspot\src\share\vm\interpreter\interpreterRuntime.cpp, line 371]
Event: 1.418 Thread 0x0000000003298000 Exception <a 'java/lang/ArrayIndexOutOfBoundsException': 83> (0x00000000d6af3e08) thrown at [C:\cygwin64\tmp\ojdkbuild\lookaside\java-1.8.0-openjdk\hotspot\src\share\vm\interpreter\interpreterRuntime.cpp, line 371]
Event: 1.418 Thread 0x0000000003298000 Exception <a 'java/lang/ArrayIndexOutOfBoundsException': 64> (0x00000000d6af4dc0) thrown at [C:\cygwin64\tmp\ojdkbuild\lookaside\java-1.8.0-openjdk\hotspot\src\share\vm\interpreter\interpreterRuntime.cpp, line 371]
Event: 1.680 Thread 0x0000000003298000 Exception <a 'java/lang/ClassNotFoundException': org/apache/groovy/plugin/GroovyRunnerBeanInfo> (0x00000000d75f3be8) thrown at [C:\cygwin64\tmp\ojdkbuild\lookaside\java-1.8.0-openjdk\hotspot\src\share\vm\classfile\systemDictionary.cpp, line 210]
Event: 1.695 Thread 0x0000000003298000 Exception <a 'java/lang/ClassNotFoundException': org/apache/groovy/plugin/GroovyRunnerCustomizer> (0x00000000d7a1dce8) thrown at [C:\cygwin64\tmp\ojdkbuild\lookaside\java-1.8.0-openjdk\hotspot\src\share\vm\classfile\systemDictionary.cpp, line 210]
Event: 1.697 Thread 0x0000000003298000 Exception <a 'java/lang/SecurityException'> (0x00000000d7a30d70) thrown at [C:\cygwin64\tmp\ojdkbuild\lookaside\java-1.8.0-openjdk\hotspot\src\share\vm\prims\jvm.cpp, line 1516]
Event: 1.699 Thread 0x0000000003298000 Exception <a 'java/lang/ClassNotFoundException': java/lang/ClassBeanInfo> (0x00000000d7a59848) thrown at [C:\cygwin64\tmp\ojdkbuild\lookaside\java-1.8.0-openjdk\hotspot\src\share\vm\classfile\systemDictionary.cpp, line 210]
Event: 1.700 Thread 0x0000000003298000 Exception <a 'java/lang/ClassNotFoundException': java/lang/ClassCustomizer> (0x00000000d7a6fb60) thrown at [C:\cygwin64\tmp\ojdkbuild\lookaside\java-1.8.0-openjdk\hotspot\src\share\vm\classfile\systemDictionary.cpp, line 210]
Event: 1.909 Thread 0x0000000003298000 Exception <a 'java/lang/ClassNotFoundException': groovy/lang/Closure$1BeanInfo> (0x00000000d7cd0168) thrown at [C:\cygwin64\tmp\ojdkbuild\lookaside\java-1.8.0-openjdk\hotspot\src\share\vm\classfile\systemDictionary.cpp, line 210]
Event: 1.948 Thread 0x0000000003298000 Exception <a 'java/lang/ClassNotFoundException': groovy/lang/ClosureBeanInfo> (0x00000000d7d47298) thrown at [C:\cygwin64\tmp\ojdkbuild\lookaside\java-1.8.0-openjdk\hotspot\src\share\vm\classfile\systemDictionary.cpp, line 210]
Event: 1.983 Thread 0x0000000003298000 Exception <a 'java/lang/ClassNotFoundException': groovy/lang/ClosureCustomizer> (0x00000000d7dbefe0) thrown at [C:\cygwin64\tmp\ojdkbuild\lookaside\java-1.8.0-openjdk\hotspot\src\share\vm\classfile\systemDictionary.cpp, line 210]
Event: 2.091 Thread 0x0000000003298000 Exception <a 'java/lang/ClassNotFoundException': groovy/lang/Closure$1Customizer> (0x00000000d5dde4b0) thrown at [C:\cygwin64\tmp\ojdkbuild\lookaside\java-1.8.0-openjdk\hotspot\src\share\vm\classfile\systemDictionary.cpp, line 210]
Event: 2.200 Thread 0x0000000003298000 Exception <a 'java/lang/ClassNotFoundException': java/util/ArrayListBeanInfo> (0x00000000d6258ca0) thrown at [C:\cygwin64\tmp\ojdkbuild\lookaside\java-1.8.0-openjdk\hotspot\src\share\vm\classfile\systemDictionary.cpp, line 210]
Event: 2.201 Thread 0x0000000003298000 Exception <a 'java/lang/ClassNotFoundException': java/util/AbstractListBeanInfo> (0x00000000d6271bf8) thrown at [C:\cygwin64\tmp\ojdkbuild\lookaside\java-1.8.0-openjdk\hotspot\src\share\vm\classfile\systemDictionary.cpp, line 210]
Event: 2.203 Thread 0x0000000003298000 Exception <a 'java/lang/ClassNotFoundException': java/util/AbstractCollectionBeanInfo> (0x00000000d628d270) thrown at [C:\cygwin64\tmp\ojdkbuild\lookaside\java-1.8.0-openjdk\hotspot\src\share\vm\classfile\systemDictionary.cpp, line 210]
Event: 2.204 Thread 0x0000000003298000 Exception <a 'java/lang/ClassNotFoundException': java/util/AbstractCollectionCustomizer> (0x00000000d62a9180) thrown at [C:\cygwin64\tmp\ojdkbuild\lookaside\java-1.8.0-openjdk\hotspot\src\share\vm\classfile\systemDictionary.cpp, line 210]
Event: 2.207 Thread 0x0000000003298000 Exception <a 'java/lang/ClassNotFoundException': java/util/AbstractListCustomizer> (0x00000000d62cee28) thrown at [C:\cygwin64\tmp\ojdkbuild\lookaside\java-1.8.0-openjdk\hotspot\src\share\vm\classfile\systemDictionary.cpp, line 210]
Event: 2.210 Thread 0x0000000003298000 Exception <a 'java/lang/ClassNotFoundException': java/util/ArrayListCustomizer> (0x00000000d62f5868) thrown at [C:\cygwin64\tmp\ojdkbuild\lookaside\java-1.8.0-openjdk\hotspot\src\share\vm\classfile\systemDictionary.cpp, line 210]
Event: 2.228 Thread 0x0000000003298000 Exception <a 'java/lang/ClassNotFoundException': groovy/lang/ReferenceBeanInfo> (0x00000000d63cac18) thrown at [C:\cygwin64\tmp\ojdkbuild\lookaside\java-1.8.0-openjdk\hotspot\src\share\vm\classfile\systemDictionary.cpp, line 210]
Event: 2.233 Thread 0x0000000003298000 Exception <a 'java/lang/ClassNotFoundException': groovy/lang/ReferenceCustomizer> (0x00000000d6443f40) thrown at [C:\cygwin64\tmp\ojdkbuild\lookaside\java-1.8.0-openjdk\hotspot\src\share\vm\classfile\systemDictionary.cpp, line 210]
Event: 2.245 Thread 0x0000000003298000 Exception <a 'java/lang/ClassNotFoundException': java/util/LinkedHashMapBeanInfo> (0x00000000d64ed808) thrown at [C:\cygwin64\tmp\ojdkbuild\lookaside\java-1.8.0-openjdk\hotspot\src\share\vm\classfile\systemDictionary.cpp, line 210]
Event: 2.246 Thread 0x0000000003298000 Exception <a 'java/lang/ClassNotFoundException': java/util/HashMapBeanInfo> (0x00000000d6504dd0) thrown at [C:\cygwin64\tmp\ojdkbuild\lookaside\java-1.8.0-openjdk\hotspot\src\share\vm\classfile\systemDictionary.cpp, line 210]
Event: 2.246 Thread 0x0000000003298000 Exception <a 'java/lang/ClassNotFoundException': java/util/AbstractMapBeanInfo> (0x00000000d651e520) thrown at [C:\cygwin64\tmp\ojdkbuild\lookaside\java-1.8.0-openjdk\hotspot\src\share\vm\classfile\systemDictionary.cpp, line 210]
Event: 2.247 Thread 0x0000000003298000 Exception <a 'java/lang/ClassNotFoundException': java/util/AbstractMapCustomizer> (0x00000000d6538928) thrown at [C:\cygwin64\tmp\ojdkbuild\lookaside\java-1.8.0-openjdk\hotspot\src\share\vm\classfile\systemDictionary.cpp, line 210]
Event: 2.248 Thread 0x0000000003298000 Exception <a 'java/lang/ClassNotFoundException': java/util/HashMapCustomizer> (0x00000000d655fbb0) thrown at [C:\cygwin64\tmp\ojdkbuild\lookaside\java-1.8.0-openjdk\hotspot\src\share\vm\classfile\systemDictionary.cpp, line 210]
Event: 2.251 Thread 0x0000000003298000 Exception <a 'java/lang/ClassNotFoundException': java/util/LinkedHashMapCustomizer> (0x00000000d659ac68) thrown at [C:\cygwin64\tmp\ojdkbuild\lookaside\java-1.8.0-openjdk\hotspot\src\share\vm\classfile\systemDictionary.cpp, line 210]
Event: 2.258 Thread 0x0000000003298000 Exception <a 'java/lang/ClassNotFoundException': java/util/WeakHashMapBeanInfo> (0x00000000d662bb80) thrown at [C:\cygwin64\tmp\ojdkbuild\lookaside\java-1.8.0-openjdk\hotspot\src\share\vm\classfile\systemDictionary.cpp, line 210]
Event: 2.259 Thread 0x0000000003298000 Exception <a 'java/lang/ClassNotFoundException': java/util/WeakHashMapCustomizer> (0x00000000d6644a58) thrown at [C:\cygwin64\tmp\ojdkbuild\lookaside\java-1.8.0-openjdk\hotspot\src\share\vm\classfile\systemDictionary.cpp, line 210]
Event: 2.270 Thread 0x0000000003298000 Exception <a 'java/lang/ClassNotFoundException': java/util/LinkedHashSetBeanInfo> (0x00000000d6713030) thrown at [C:\cygwin64\tmp\ojdkbuild\lookaside\java-1.8.0-openjdk\hotspot\src\share\vm\classfile\systemDictionary.cpp, line 210]
Event: 2.271 Thread 0x0000000003298000 Exception <a 'java/lang/ClassNotFoundException': java/util/HashSetBeanInfo> (0x00000000d6729900) thrown at [C:\cygwin64\tmp\ojdkbuild\lookaside\java-1.8.0-openjdk\hotspot\src\share\vm\classfile\systemDictionary.cpp, line 210]
Event: 2.271 Thread 0x0000000003298000 Exception <a 'java/lang/ClassNotFoundException': java/util/AbstractSetBeanInfo> (0x00000000d67422f8) thrown at [C:\cygwin64\tmp\ojdkbuild\lookaside\java-1.8.0-openjdk\hotspot\src\share\vm\classfile\systemDictionary.cpp, line 210]
Event: 2.272 Thread 0x0000000003298000 Exception <a 'java/lang/ClassNotFoundException': java/util/AbstractSetCustomizer> (0x00000000d675b970) thrown at [C:\cygwin64\tmp\ojdkbuild\lookaside\java-1.8.0-openjdk\hotspot\src\share\vm\classfile\systemDictionary.cpp, line 210]
Event: 2.273 Thread 0x0000000003298000 Exception <a 'java/lang/ClassNotFoundException': java/util/HashSetCustomizer> (0x00000000d67789d8) thrown at [C:\cygwin64\tmp\ojdkbuild\lookaside\java-1.8.0-openjdk\hotspot\src\share\vm\classfile\systemDictionary.cpp, line 210]
Event: 2.275 Thread 0x0000000003298000 Exception <a 'java/lang/ClassNotFoundException': java/util/LinkedHashSetCustomizer> (0x00000000d679c060) thrown at [C:\cygwin64\tmp\ojdkbuild\lookaside\java-1.8.0-openjdk\hotspot\src\share\vm\classfile\systemDictionary.cpp, line 210]
Event: 2.311 Thread 0x0000000003298000 Exception <a 'java/lang/ClassNotFoundException': groovy/grape/GrapeIvyBeanInfo> (0x00000000d6909f60) thrown at [C:\cygwin64\tmp\ojdkbuild\lookaside\java-1.8.0-openjdk\hotspot\src\share\vm\classfile\systemDictionary.cpp, line 210]
Event: 2.314 Thread 0x0000000003298000 Exception <a 'java/lang/ClassNotFoundException': groovy/grape/GrapeIvyCustomizer> (0x00000000d6952f28) thrown at [C:\cygwin64\tmp\ojdkbuild\lookaside\java-1.8.0-openjdk\hotspot\src\share\vm\classfile\systemDictionary.cpp, line 210]

Events (250 events):
Event: 1.385 loading class sun/util/resources/CurrencyNames
Event: 1.386 loading class sun/util/resources/LocaleNamesBundle
Event: 1.386 loading class sun/util/resources/OpenListResourceBundle
Event: 1.386 loading class sun/util/resources/OpenListResourceBundle done
Event: 1.386 loading class sun/util/resources/LocaleNamesBundle done
Event: 1.386 loading class sun/util/resources/CurrencyNames done
Event: 1.386 loading class sun/util/resources/en/CurrencyNames_en_SG
Event: 1.386 loading class sun/util/resources/en/CurrencyNames_en_SG done
Event: 1.387 loading class java/util/Formatter$FormatSpecifier
Event: 1.387 loading class java/util/Formatter$FormatString
Event: 1.387 loading class java/util/Formatter$FormatString done
Event: 1.387 loading class java/util/Formatter$FormatSpecifier done
Event: 1.388 loading class java/util/Formatter$Flags
Event: 1.388 loading class java/util/Formatter$Flags done
Event: 1.388 loading class java/util/Formatter$Conversion
Event: 1.388 loading class java/util/Formatter$Conversion done
Event: 1.388 loading class java/math/MutableBigInteger
Event: 1.390 loading class java/math/MutableBigInteger done
Event: 1.417 Thread 0x0000000003298000 Uncommon trap: trap_request=0xffffffe4 fr.pc=0x000000000373da60
Event: 1.417 Thread 0x0000000003298000 DEOPT PACKING pc=0x000000000373da60 sp=0x00000000031fcf50
Event: 1.417 Thread 0x0000000003298000 DEOPT UNPACKING pc=0x000000000339557b sp=0x00000000031fcee8 mode 2
Event: 1.418 loading class java/lang/annotation/ElementType
Event: 1.419 loading class java/lang/annotation/ElementType done
Event: 1.419 loading class java/util/Collections$UnmodifiableMap$UnmodifiableEntrySet
Event: 1.419 loading class java/util/Collections$UnmodifiableMap$UnmodifiableEntrySet done
Event: 1.419 loading class java/util/Collections$UnmodifiableMap$UnmodifiableEntrySet$1
Event: 1.419 loading class java/util/Collections$UnmodifiableMap$UnmodifiableEntrySet$1 done
Event: 1.419 loading class java/util/Collections$UnmodifiableMap$UnmodifiableEntrySet$UnmodifiableEntry
Event: 1.419 loading class java/util/Collections$UnmodifiableMap$UnmodifiableEntrySet$UnmodifiableEntry done
Event: 1.447 loading class java/util/regex/Pattern$Dot
Event: 1.447 loading class java/util/regex/Pattern$Dot done
Event: 1.447 loading class java/util/regex/Pattern$Dollar
Event: 1.447 loading class java/util/regex/Pattern$Dollar done
Event: 1.484 loading class java/lang/InternalError
Event: 1.484 loading class java/lang/InternalError done
Event: 1.600 loading class java/math/BigDecimal$1
Event: 1.600 loading class java/math/BigDecimal$1 done
Event: 1.600 loading class java/math/MathContext
Event: 1.601 loading class java/math/MathContext done
Event: 1.601 loading class java/math/RoundingMode
Event: 1.601 loading class java/math/RoundingMode done
Event: 1.605 Thread 0x0000000003298000 Uncommon trap: trap_request=0xffffff65 fr.pc=0x000000000347543c
Event: 1.605 Thread 0x0000000003298000 DEOPT PACKING pc=0x000000000347543c sp=0x00000000031fdd30
Event: 1.605 Thread 0x0000000003298000 DEOPT UNPACKING pc=0x000000000339557b sp=0x00000000031fdcc0 mode 2
Event: 1.650 loading class java/util/zip/ZipException
Event: 1.650 loading class java/util/zip/ZipException done
Event: 1.662 loading class groovy/runtime/metaclass/org/apache/groovy/plugin/GroovyRunnerMetaClass
Event: 1.663 loading class groovy/runtime/metaclass/org/apache/groovy/plugin/GroovyRunnerMetaClass done
Event: 1.667 loading class org/apache/groovy/plugin/GroovyRunnerBeanInfo
Event: 1.667 loading class org/apache/groovy/plugin/GroovyRunnerBeanInfo done
Event: 1.673 loading class org/apache/groovy/plugin/GroovyRunnerBeanInfo
Event: 1.673 loading class org/apache/groovy/plugin/GroovyRunnerBeanInfo done
Event: 1.680 loading class org/apache/groovy/plugin/GroovyRunnerBeanInfo
Event: 1.680 loading class org/apache/groovy/plugin/GroovyRunnerBeanInfo done
Event: 1.682 loading class org/apache/groovy/plugin/GroovyRunnerCustomizer
Event: 1.682 loading class org/apache/groovy/plugin/GroovyRunnerCustomizer done
Event: 1.684 loading class org/apache/groovy/plugin/GroovyRunnerCustomizer
Event: 1.684 loading class org/apache/groovy/plugin/GroovyRunnerCustomizer done
Event: 1.695 loading class org/apache/groovy/plugin/GroovyRunnerCustomizer
Event: 1.695 loading class org/apache/groovy/plugin/GroovyRunnerCustomizer done
Event: 1.695 loading class sun/reflect/generics/tree/BooleanSignature
Event: 1.696 loading class sun/reflect/generics/tree/BooleanSignature done
Event: 1.696 loading class groovy/runtime/metaclass/java/lang/ClassMetaClass
Event: 1.696 loading class groovy/runtime/metaclass/java/lang/ClassMetaClass done
Event: 1.697 loading class java/lang/Class$EnclosingMethodInfo
Event: 1.697 loading class java/lang/Class$EnclosingMethodInfo done
Event: 1.698 loading class java/lang/ClassBeanInfo
Event: 1.698 loading class java/lang/ClassBeanInfo done
Event: 1.699 loading class java/lang/ClassBeanInfo
Event: 1.699 loading class java/lang/ClassBeanInfo done
Event: 1.699 loading class java/lang/ClassCustomizer
Event: 1.699 loading class java/lang/ClassCustomizer done
Event: 1.700 loading class java/lang/ClassCustomizer
Event: 1.700 loading class java/lang/ClassCustomizer done
Event: 1.701 loading class sun/reflect/generics/tree/ArrayTypeSignature
Event: 1.701 loading class sun/reflect/generics/tree/ArrayTypeSignature done
Event: 1.702 loading class sun/reflect/generics/reflectiveObjects/GenericArrayTypeImpl
Event: 1.702 loading class sun/reflect/generics/reflectiveObjects/GenericArrayTypeImpl done
Event: 1.783 loading class java/lang/TypeNotPresentException
Event: 1.783 loading class java/lang/TypeNotPresentException done
Event: 1.854 loading class android/app/Activity
Event: 1.854 loading class android/app/Activity done
Event: 1.881 loading class groovy/lang/GroovyRuntimeException
Event: 1.881 loading class groovy/lang/GroovyRuntimeException done
Event: 1.899 loading class groovy/runtime/metaclass/groovy/lang/Closure$1MetaClass
Event: 1.900 loading class groovy/runtime/metaclass/groovy/lang/Closure$1MetaClass done
Event: 1.904 loading class groovy/lang/Closure$1BeanInfo
Event: 1.904 loading class groovy/lang/Closure$1BeanInfo done
Event: 1.905 loading class groovy/lang/Closure$1BeanInfo
Event: 1.905 loading class groovy/lang/Closure$1BeanInfo done
Event: 1.907 loading class groovy/lang/Closure$1BeanInfo
Event: 1.907 loading class groovy/lang/Closure$1BeanInfo done
Event: 1.911 loading class groovy/lang/ClosureBeanInfo
Event: 1.911 loading class groovy/lang/ClosureBeanInfo done
Event: 1.944 loading class groovy/lang/ClosureBeanInfo
Event: 1.944 loading class groovy/lang/ClosureBeanInfo done
Event: 1.947 loading class groovy/lang/ClosureBeanInfo
Event: 1.947 loading class groovy/lang/ClosureBeanInfo done
Event: 1.956 loading class groovy/lang/ClosureCustomizer
Event: 1.956 loading class groovy/lang/ClosureCustomizer done
Event: 1.975 loading class groovy/lang/ClosureCustomizer
Event: 1.975 loading class groovy/lang/ClosureCustomizer done
Event: 1.983 loading class groovy/lang/ClosureCustomizer
Event: 1.983 loading class groovy/lang/ClosureCustomizer done
Event: 2.055 loading class sun/reflect/generics/tree/IntSignature
Event: 2.055 loading class sun/reflect/generics/tree/IntSignature done
Event: 2.067 loading class groovy/lang/Closure$1Customizer
Event: 2.067 loading class groovy/lang/Closure$1Customizer done
Event: 2.068 Executing VM operation: ParallelGCFailedAllocation
Event: 2.085 Executing VM operation: ParallelGCFailedAllocation done
Event: 2.088 loading class groovy/lang/Closure$1Customizer
Event: 2.088 loading class groovy/lang/Closure$1Customizer done
Event: 2.091 loading class groovy/lang/Closure$1Customizer
Event: 2.091 loading class groovy/lang/Closure$1Customizer done
Event: 2.095 loading class groovy/runtime/metaclass/groovy/grape/GrapeIvy$_closure1MetaClass
Event: 2.095 loading class groovy/runtime/metaclass/groovy/grape/GrapeIvy$_closure1MetaClass done
Event: 2.187 loading class groovy/runtime/metaclass/java/util/ArrayListMetaClass
Event: 2.187 loading class groovy/runtime/metaclass/java/util/ArrayListMetaClass done
Event: 2.199 loading class java/util/ArrayListBeanInfo
Event: 2.199 loading class java/util/ArrayListBeanInfo done
Event: 2.200 loading class java/util/ArrayListBeanInfo
Event: 2.200 loading class java/util/ArrayListBeanInfo done
Event: 2.200 loading class java/util/AbstractListBeanInfo
Event: 2.200 loading class java/util/AbstractListBeanInfo done
Event: 2.201 loading class java/util/AbstractListBeanInfo
Event: 2.201 loading class java/util/AbstractListBeanInfo done
Event: 2.202 loading class java/util/AbstractCollectionBeanInfo
Event: 2.202 loading class java/util/AbstractCollectionBeanInfo done
Event: 2.202 loading class java/util/AbstractCollectionBeanInfo
Event: 2.203 loading class java/util/AbstractCollectionBeanInfo done
Event: 2.203 loading class java/util/AbstractCollectionCustomizer
Event: 2.203 loading class java/util/AbstractCollectionCustomizer done
Event: 2.204 loading class java/util/AbstractCollectionCustomizer
Event: 2.204 loading class java/util/AbstractCollectionCustomizer done
Event: 2.206 loading class java/util/AbstractListCustomizer
Event: 2.206 loading class java/util/AbstractListCustomizer done
Event: 2.207 loading class java/util/AbstractListCustomizer
Event: 2.207 loading class java/util/AbstractListCustomizer done
Event: 2.207 loading class sun/reflect/generics/tree/VoidDescriptor
Event: 2.207 loading class sun/reflect/generics/tree/VoidDescriptor done
Event: 2.209 loading class java/util/ArrayListCustomizer
Event: 2.209 loading class java/util/ArrayListCustomizer done
Event: 2.210 loading class java/util/ArrayListCustomizer
Event: 2.210 loading class java/util/ArrayListCustomizer done
Event: 2.222 loading class groovy/runtime/metaclass/groovy/lang/ReferenceMetaClass
Event: 2.222 loading class groovy/runtime/metaclass/groovy/lang/ReferenceMetaClass done
Event: 2.225 loading class groovy/lang/ReferenceBeanInfo
Event: 2.225 loading class groovy/lang/ReferenceBeanInfo done
Event: 2.226 loading class groovy/lang/ReferenceBeanInfo
Event: 2.226 loading class groovy/lang/ReferenceBeanInfo done
Event: 2.228 loading class groovy/lang/ReferenceBeanInfo
Event: 2.228 loading class groovy/lang/ReferenceBeanInfo done
Event: 2.229 loading class groovy/lang/ReferenceCustomizer
Event: 2.229 loading class groovy/lang/ReferenceCustomizer done
Event: 2.231 loading class groovy/lang/ReferenceCustomizer
Event: 2.231 loading class groovy/lang/ReferenceCustomizer done
Event: 2.233 loading class groovy/lang/ReferenceCustomizer
Event: 2.233 loading class groovy/lang/ReferenceCustomizer done
Event: 2.237 loading class groovy/runtime/metaclass/groovy/grape/GrapeIvy$_closure1$_closure17MetaClass
Event: 2.237 loading class groovy/runtime/metaclass/groovy/grape/GrapeIvy$_closure1$_closure17MetaClass done
Event: 2.241 loading class groovy/runtime/metaclass/java/util/LinkedHashMapMetaClass
Event: 2.241 loading class groovy/runtime/metaclass/java/util/LinkedHashMapMetaClass done
Event: 2.245 loading class java/util/LinkedHashMapBeanInfo
Event: 2.245 loading class java/util/LinkedHashMapBeanInfo done
Event: 2.245 loading class java/util/LinkedHashMapBeanInfo
Event: 2.245 loading class java/util/LinkedHashMapBeanInfo done
Event: 2.245 loading class java/util/HashMapBeanInfo
Event: 2.245 loading class java/util/HashMapBeanInfo done
Event: 2.246 loading class java/util/HashMapBeanInfo
Event: 2.246 loading class java/util/HashMapBeanInfo done
Event: 2.246 loading class java/util/AbstractMapBeanInfo
Event: 2.246 loading class java/util/AbstractMapBeanInfo done
Event: 2.246 loading class java/util/AbstractMapBeanInfo
Event: 2.246 loading class java/util/AbstractMapBeanInfo done
Event: 2.246 loading class java/util/AbstractMapCustomizer
Event: 2.246 loading class java/util/AbstractMapCustomizer done
Event: 2.247 loading class java/util/AbstractMapCustomizer
Event: 2.247 loading class java/util/AbstractMapCustomizer done
Event: 2.248 loading class java/util/HashMapCustomizer
Event: 2.248 loading class java/util/HashMapCustomizer done
Event: 2.248 loading class java/util/HashMapCustomizer
Event: 2.248 loading class java/util/HashMapCustomizer done
Event: 2.251 loading class java/util/LinkedHashMapCustomizer
Event: 2.251 loading class java/util/LinkedHashMapCustomizer done
Event: 2.251 loading class java/util/LinkedHashMapCustomizer
Event: 2.251 loading class java/util/LinkedHashMapCustomizer done
Event: 2.252 loading class java/lang/Package$1
Event: 2.252 loading class java/lang/Package$1 done
Event: 2.252 loading class java/util/jar/JarInputStream
Event: 2.253 loading class java/util/zip/ZipInputStream
Event: 2.253 loading class java/util/zip/ZipInputStream done
Event: 2.253 loading class java/util/jar/JarInputStream done
Event: 2.253 loading class java/io/PushbackInputStream
Event: 2.253 loading class java/io/PushbackInputStream done
Event: 2.253 loading class java/util/zip/CRC32
Event: 2.253 loading class java/util/zip/Checksum
Event: 2.253 loading class java/util/zip/Checksum done
Event: 2.253 loading class java/util/zip/CRC32 done
Event: 2.257 loading class groovy/runtime/metaclass/java/util/WeakHashMapMetaClass
Event: 2.257 loading class groovy/runtime/metaclass/java/util/WeakHashMapMetaClass done
Event: 2.258 loading class java/util/WeakHashMapBeanInfo
Event: 2.258 loading class java/util/WeakHashMapBeanInfo done
Event: 2.258 loading class java/util/WeakHashMapBeanInfo
Event: 2.258 loading class java/util/WeakHashMapBeanInfo done
Event: 2.258 loading class java/util/WeakHashMapCustomizer
Event: 2.258 loading class java/util/WeakHashMapCustomizer done
Event: 2.258 loading class java/util/WeakHashMapCustomizer
Event: 2.258 loading class java/util/WeakHashMapCustomizer done
Event: 2.261 loading class groovy/runtime/metaclass/java/util/LinkedHashSetMetaClass
Event: 2.261 loading class groovy/runtime/metaclass/java/util/LinkedHashSetMetaClass done
Event: 2.269 loading class java/util/LinkedHashSetBeanInfo
Event: 2.269 loading class java/util/LinkedHashSetBeanInfo done
Event: 2.270 loading class java/util/LinkedHashSetBeanInfo
Event: 2.270 loading class java/util/LinkedHashSetBeanInfo done
Event: 2.270 loading class java/util/HashSetBeanInfo
Event: 2.270 loading class java/util/HashSetBeanInfo done
Event: 2.271 loading class java/util/HashSetBeanInfo
Event: 2.271 loading class java/util/HashSetBeanInfo done
Event: 2.271 loading class java/util/AbstractSetBeanInfo
Event: 2.271 loading class java/util/AbstractSetBeanInfo done
Event: 2.271 loading class java/util/AbstractSetBeanInfo
Event: 2.271 loading class java/util/AbstractSetBeanInfo done
Event: 2.271 loading class java/util/AbstractSetCustomizer
Event: 2.271 loading class java/util/AbstractSetCustomizer done
Event: 2.272 loading class java/util/AbstractSetCustomizer
Event: 2.272 loading class java/util/AbstractSetCustomizer done
Event: 2.273 loading class java/util/HashSetCustomizer
Event: 2.273 loading class java/util/HashSetCustomizer done
Event: 2.273 loading class java/util/HashSetCustomizer
Event: 2.273 loading class java/util/HashSetCustomizer done
Event: 2.274 loading class java/util/LinkedHashSetCustomizer
Event: 2.274 loading class java/util/LinkedHashSetCustomizer done
Event: 2.275 loading class java/util/LinkedHashSetCustomizer
Event: 2.275 loading class java/util/LinkedHashSetCustomizer done
Event: 2.276 loading class groovy/runtime/metaclass/groovy/grape/GrapeIvyMetaClass
Event: 2.276 loading class groovy/runtime/metaclass/groovy/grape/GrapeIvyMetaClass done
Event: 2.300 Thread 0x0000000003298000 DEOPT PACKING pc=0x00000000036a72f3 sp=0x00000000031f8720
Event: 2.300 Thread 0x0000000003298000 DEOPT UNPACKING pc=0x00000000033975d0 sp=0x00000000031f8480 mode 0
Event: 2.309 loading class groovy/grape/GrapeIvyBeanInfo
Event: 2.309 loading class groovy/grape/GrapeIvyBeanInfo done
Event: 2.310 loading class groovy/grape/GrapeIvyBeanInfo
Event: 2.310 loading class groovy/grape/GrapeIvyBeanInfo done
Event: 2.311 loading class groovy/grape/GrapeIvyBeanInfo
Event: 2.311 loading class groovy/grape/GrapeIvyBeanInfo done
Event: 2.312 loading class groovy/grape/GrapeIvyCustomizer
Event: 2.312 loading class groovy/grape/GrapeIvyCustomizer done
Event: 2.312 loading class groovy/grape/GrapeIvyCustomizer
Event: 2.312 loading class groovy/grape/GrapeIvyCustomizer done
Event: 2.314 loading class groovy/grape/GrapeIvyCustomizer
Event: 2.314 loading class groovy/grape/GrapeIvyCustomizer done


Dynamic libraries:
0x00007ff6d1f40000 - 0x00007ff6d1fcb000 	M:\APPS\openjdk8\bin\java.exe
0x00007ffb41bb0000 - 0x00007ffb41da8000 	C:\WINDOWS\SYSTEM32\ntdll.dll
0x00007ffb40400000 - 0x00007ffb404bd000 	C:\WINDOWS\System32\KERNEL32.DLL
0x00007ffb3f8b0000 - 0x00007ffb3fb7e000 	C:\WINDOWS\System32\KERNELBASE.dll
0x00007ffb41870000 - 0x00007ffb4191e000 	C:\WINDOWS\System32\ADVAPI32.dll
0x00007ffb40840000 - 0x00007ffb408de000 	C:\WINDOWS\System32\msvcrt.dll
0x00007ffb40720000 - 0x00007ffb407bc000 	C:\WINDOWS\System32\sechost.dll
0x00007ffb41660000 - 0x00007ffb41785000 	C:\WINDOWS\System32\RPCRT4.dll
0x00007ffb41440000 - 0x00007ffb415e0000 	C:\WINDOWS\System32\USER32.dll
0x00007ffb3fb80000 - 0x00007ffb3fba2000 	C:\WINDOWS\System32\win32u.dll
0x00007ffb3fec0000 - 0x00007ffb3feea000 	C:\WINDOWS\System32\GDI32.dll
0x00007ffb3f650000 - 0x00007ffb3f75b000 	C:\WINDOWS\System32\gdi32full.dll
0x00007ffb3f760000 - 0x00007ffb3f7fd000 	C:\WINDOWS\System32\msvcp_win.dll
0x00007ffb3f330000 - 0x00007ffb3f430000 	C:\WINDOWS\System32\ucrtbase.dll
0x00007ffb285e0000 - 0x00007ffb2887a000 	C:\WINDOWS\WinSxS\amd64_microsoft.windows.common-controls_6595b64144ccf1df_6.0.19041.1110_none_60b5254171f9507e\COMCTL32.dll
0x00007ffb41980000 - 0x00007ffb419b0000 	C:\WINDOWS\System32\IMM32.DLL
0x0000000055390000 - 0x0000000055462000 	M:\APPS\openjdk8\jre\bin\msvcr100.dll
0x00000000548c0000 - 0x0000000055182000 	M:\APPS\openjdk8\jre\bin\server\jvm.dll
0x00007ffb40830000 - 0x00007ffb40838000 	C:\WINDOWS\System32\PSAPI.DLL
0x00007ffb30730000 - 0x00007ffb3073a000 	C:\WINDOWS\SYSTEM32\VERSION.dll
0x00007ffb3d9d0000 - 0x00007ffb3d9d9000 	C:\WINDOWS\SYSTEM32\WSOCK32.dll
0x00007ffb2c1c0000 - 0x00007ffb2c1e7000 	C:\WINDOWS\SYSTEM32\WINMM.dll
0x00007ffb41ad0000 - 0x00007ffb41b3b000 	C:\WINDOWS\System32\WS2_32.dll
0x00007ffb38260000 - 0x00007ffb3826f000 	M:\APPS\openjdk8\jre\bin\verify.dll
0x00007ffb0df80000 - 0x00007ffb0dfa9000 	M:\APPS\openjdk8\jre\bin\java.dll
0x00007ffb175c0000 - 0x00007ffb175d6000 	M:\APPS\openjdk8\jre\bin\zip.dll
0x00007ffb40c40000 - 0x00007ffb41383000 	C:\WINDOWS\System32\SHELL32.dll
0x00007ffb3cf60000 - 0x00007ffb3d6f5000 	C:\WINDOWS\SYSTEM32\windows.storage.dll
0x00007ffb408e0000 - 0x00007ffb40c34000 	C:\WINDOWS\System32\combase.dll
0x00007ffb3ec30000 - 0x00007ffb3ec60000 	C:\WINDOWS\SYSTEM32\Wldp.dll
0x00007ffb41390000 - 0x00007ffb4143d000 	C:\WINDOWS\System32\SHCORE.dll
0x00007ffb3fbe0000 - 0x00007ffb3fc35000 	C:\WINDOWS\System32\shlwapi.dll
0x00007ffb3f1e0000 - 0x00007ffb3f1ff000 	C:\WINDOWS\SYSTEM32\profapi.dll

VM Arguments:
jvm_args: -Dprogram.name= -Dgroovy.home=M:\_MG_PORTABLE\_MG_STACK_Y\groovy-2.5.6\bin\.. -Dtools.jar=M:\APPS\openjdk8\lib\tools.jar -Dgroovy.starter.conf=M:\_MG_PORTABLE\_MG_STACK_Y\groovy-2.5.6\bin\..\conf\groovy-starter.conf -Dscript.name=M:\DEV\github__a_moscatelli\repositories\DEV\mariadb_data_versioning\test_hist_query_on_mariadb.groovy 
java_command: org.codehaus.groovy.tools.GroovyStarter --main groovy.ui.GroovyMain --conf M:\_MG_PORTABLE\_MG_STACK_Y\groovy-2.5.6\bin\..\conf\groovy-starter.conf --classpath . test_hist_query_on_mariadb.groovy
java_class_path (initial): M:\_MG_PORTABLE\_MG_STACK_Y\groovy-2.5.6\bin\..\lib\groovy-2.5.6.jar
Launcher Type: SUN_STANDARD

Environment Variables:
JAVA_HOME=M:\APPS\openjdk8
PATH=C:\Program Files (x86)\Common Files\Oracle\Java\javapath;C:\Program Files (x86)\Intel\iCLS Client\;C:\Program Files\Intel\iCLS Client\;C:\WINDOWS\system32;C:\WINDOWS;C:\WINDOWS\System32\Wbem;C:\WINDOWS\System32\WindowsPowerShell\v1.0\;C:\Program Files (x86)\Intel\Intel(R) Management Engine Components\DAL;C:\Program Files\Intel\Intel(R) Management Engine Components\DAL;C:\Program Files (x86)\Intel\Intel(R) Management Engine Components\IPT;C:\Program Files\Intel\Intel(R) Management Engine Components\IPT;C:\Program Files\Intel\WiFi\bin\;C:\Program Files\Common Files\Intel\WirelessCommon\;C:\Program Files (x86)\git\cmd;C:\Program Files (x86)\Windows Live\Shared;C:\WINDOWS\System32\OpenSSH\;C:\Program Files (x86)\Git\cmd;M:\APPS\;C:\Program Files\Amazon\AWSCLIV2\;C:\Program Files\Docker\Docker\resources\bin;C:\ProgramData\DockerDesktop\version-bin;C:\Users\Alberto\AppData\Local\Microsoft\WindowsApps;M:\APPS\Heroku\bin;M:\APPS\PostgreSQL\9.4\bin;C:\Program Files\IBM\Cloud\bin;C:\Users\Alberto\AppData\Roaming\npm;C:\Users\Alberto\AppData\Local\GitHubDesktop\bin
USERNAME=Alberto
OS=Windows_NT
PROCESSOR_IDENTIFIER=Intel64 Family 6 Model 78 Stepping 3, GenuineIntel



---------------  S Y S T E M  ---------------

OS: Windows 10.0 , 64 bit Build 19041 (10.0.19041.1889)

CPU:total 4 (initial active 4) (2 cores per cpu, 2 threads per core) family 6 model 78 stepping 3, cmov, cx8, fxsr, mmx, sse, sse2, sse3, ssse3, sse4.1, sse4.2, popcnt, avx, avx2, aes, clmul, erms, 3dnowpref, lzcnt, ht, tsc, tscinvbit, bmi1, bmi2, adx

Memory: 4k page, physical 8285244k(870072k free), swap 25291700k(2368k free)

vm_info: OpenJDK 64-Bit Server VM (25.201-b09) for windows-amd64 JRE (1.8.0_201-2-redhat-b09), built on Jan 25 2019 14:31:39 by "build" with MS VC++ 10.0 (VS2010)

time: Sat Sep 24 13:26:17 2022
timezone: Malay Peninsula Standard Time
elapsed time: 2 seconds (0d 0h 0m 2s)

